#
# A fatal error has been detected by the Java Runtime Environment:
#
#  EXCEPTION_ACCESS_VIOLATION (0xc0000005) at pc=0x00007ff879c2e537, pid=5676, tid=2524
#
# JRE version: Java(TM) SE Runtime Environment (17.0.4.1+1) (build 17.0.4.1+1-LTS-2)
# Java VM: Java HotSpot(TM) 64-Bit Server VM (17.0.4.1+1-LTS-2, mixed mode, sharing, tiered, compressed oops, compressed class ptrs, g1 gc, windows-amd64)
# Problematic frame:
# V  [jvm.dll+0xe537]
#
# No core dump will be written. Minidumps are not enabled by default on client versions of Windows
#
# If you would like to submit a bug report, please visit:
#   https://bugreport.java.com/bugreport/crash.jsp
#

---------------  S U M M A R Y ------------

Command Line: -XX:+ShowCodeDetailsInExceptionMessages com.pw12022.fourinfo.FourinfoApplication

Host: Intel(R) Core(TM) i7-2630QM CPU @ 2.00GHz, 8 cores, 7G,  Windows 10 , 64 bit Build 19041 (10.0.19041.2364)
Time: Wed Dec 14 16:16:31 2022 Hora oficial do Brasil elapsed time: 3.764729 seconds (0d 0h 0m 3s)

---------------  T H R E A D  ---------------

Current thread (0x000001b51ffd1e70):  JavaThread "C2 CompilerThread0" daemon [_thread_in_native, id=2524, stack(0x000000a0f7900000,0x000000a0f7a00000)]


Current CompileTask:
C2:   3765 1901       4       jdk.internal.org.objectweb.asm.Frame::execute (2305 bytes)

Stack: [0x000000a0f7900000,0x000000a0f7a00000],  sp=0x000000a0f79fbda8,  free space=1007k
Native frames: (J=compiled Java code, j=interpreted, Vv=VM code, C=native code)
V  [jvm.dll+0xe537]


siginfo: EXCEPTION_ACCESS_VIOLATION (0xc0000005), reading address 0x000001b526515af0


Register to memory mapping:

RIP=0x00007ff879c2e537 jvm.dll
RAX=0x000001b522515ae0 points into unknown readable memory: 0x000001b526515af0 | f0 5a 51 26 b5 01 00 00
RBX=0x000001b523a3cbd0 points into unknown readable memory: 0x0000000000000000 | 00 00 00 00 00 00 00 00
RCX=0x000001b526515af0 is an unknown value
RDX=0x0000000000000080 is an unknown value
RSP=0x000000a0f79fbda8 is pointing into the stack for thread: 0x000001b51ffd1e70
RBP=0x000001b521051430 points into unknown readable memory: 0x00007ff87a4d9990 | 90 99 4d 7a f8 7f 00 00
RSI=0x000000a0f79fc2b0 is pointing into the stack for thread: 0x000001b51ffd1e70
RDI=0xffffffffffffffff is an unknown value
R8 =0x00000000ffffffff is an unallocated location in the heap
R9 =0x0000000000000001 is an unknown value
R10=0x0 is NULL
R11=0x3333333333333333 is an unknown value
R12=0x0000000000000002 is an unknown value
R13=0x0000000000000001 is an unknown value
R14=0x000001b522515a98 points into unknown readable memory: 0x00007ff87a473e88 | 88 3e 47 7a f8 7f 00 00
R15=0x00007ff87a6a12b0 jvm.dll


Registers:
RAX=0x000001b522515ae0, RBX=0x000001b523a3cbd0, RCX=0x000001b526515af0, RDX=0x0000000000000080
RSP=0x000000a0f79fbda8, RBP=0x000001b521051430, RSI=0x000000a0f79fc2b0, RDI=0xffffffffffffffff
R8 =0x00000000ffffffff, R9 =0x0000000000000001, R10=0x0000000000000000, R11=0x3333333333333333
R12=0x0000000000000002, R13=0x0000000000000001, R14=0x000001b522515a98, R15=0x00007ff87a6a12b0
RIP=0x00007ff879c2e537, EFLAGS=0x0000000000010202

Top of Stack: (sp=0x000000a0f79fbda8)
0x000000a0f79fbda8:   00007ff879ddc5de 0000000000000003
0x000000a0f79fbdb8:   000001b522516508 0000000000000016
0x000000a0f79fbdc8:   000001b521051430 0000005900000002
0x000000a0f79fbdd8:   00007ff800000004 000001b521051430
0x000000a0f79fbde8:   0000000000000098 0000000000000000
0x000000a0f79fbdf8:   0000000000000000 00000000000cd640
0x000000a0f79fbe08:   000001b520c33890 000001b520c338a0
0x000000a0f79fbe18:   000001b51ff97660 00000000000003d8
0x000000a0f79fbe28:   000000a0f79fbf50 0000000000000000
0x000000a0f79fbe38:   000000a0f79fc390 000000a0f79fc2b0
0x000000a0f79fbe48:   00007ff879dd9d6c 000000a0f79fc2b0
0x000000a0f79fbe58:   000000a0f79fbf01 000000a0f79fc301
0x000000a0f79fbe68:   00000000ffffffff 0000000000000000
0x000000a0f79fbe78:   000000a0f79fbf30 0000000000000006
0x000000a0f79fbe88:   000001b520c33890 000001b5213334d0
0x000000a0f79fbe98:   000001b521335328 000001b52133b4b8 

Instructions: (pc=0x00007ff879c2e537)
0x00007ff879c2e437:   00 fc e3 00 00 de e3 00 00 e8 e3 00 00 f2 e3 00
0x00007ff879c2e447:   00 10 e4 00 00 00 01 06 02 03 04 06 05 06 06 06
0x00007ff879c2e457:   06 06 06 06 06 06 01 06 02 06 04 06 05 cc cc cc
0x00007ff879c2e467:   cc cc cc cc cc cc cc cc cc 48 83 ec 28 83 f9 07
0x00007ff879c2e477:   77 4f 48 63 c1 48 8d 15 7d 1b ff ff 8b 8c 82 e8
0x00007ff879c2e487:   e4 00 00 48 03 ca ff e1 33 c0 48 83 c4 28 c3 b8
0x00007ff879c2e497:   04 00 00 00 48 83 c4 28 c3 b8 12 00 00 00 48 83
0x00007ff879c2e4a7:   c4 28 c3 b8 1d 00 00 00 48 83 c4 28 c3 b8 11 00
0x00007ff879c2e4b7:   00 00 48 83 c4 28 c3 b8 1e 00 00 00 48 83 c4 28
0x00007ff879c2e4c7:   c3 ba 88 09 00 00 48 8d 0d 0c 9a 83 00 e8 17 4a
0x00007ff879c2e4d7:   23 00 e8 52 3a 66 00 b8 1b 00 00 00 48 83 c4 28
0x00007ff879c2e4e7:   c3 8f e4 00 00 be e4 00 00 c8 e4 00 00 b4 e4 00
0x00007ff879c2e4f7:   00 96 e4 00 00 a0 e4 00 00 c8 e4 00 00 aa e4 00
0x00007ff879c2e507:   00 cc cc cc cc cc cc cc cc 48 8b 49 40 48 85 c9
0x00007ff879c2e517:   75 08 48 8b 05 b8 35 b1 00 c3 48 8b 09 48 8b 01
0x00007ff879c2e527:   48 ff a0 d8 00 00 00 cc cc 48 8b 41 40 48 8b 08
0x00007ff879c2e537:   48 8b 01 48 ff a0 d8 00 00 00 cc cc cc cc cc cc
0x00007ff879c2e547:   cc cc cc cc cc cc cc cc cc 48 8b 41 48 c3 cc cc
0x00007ff879c2e557:   cc cc cc cc cc cc cc cc cc 48 8b 05 41 38 b1 00
0x00007ff879c2e567:   c3 cc cc cc cc cc cc cc cc b8 1e 00 00 00 c3 cc
0x00007ff879c2e577:   cc cc cc cc cc cc cc cc cc 8b c2 4c 8d 05 77 1a
0x00007ff879c2e587:   ff ff 48 8d 14 85 00 00 00 00 42 0f b7 84 02 a0
0x00007ff879c2e597:   7f 84 00 66 89 01 42 0f b7 84 02 80 7f 84 00 66
0x00007ff879c2e5a7:   89 41 02 48 8b c1 c3 cc cc b8 ff ff ff ff c3 cc
0x00007ff879c2e5b7:   cc cc cc cc cc cc cc cc cc 48 89 5c 24 08 48 89
0x00007ff879c2e5c7:   6c 24 10 48 89 74 24 18 57 48 83 ec 20 48 8b f1
0x00007ff879c2e5d7:   48 63 ea b9 58 00 00 00 e8 ac fa ff ff 48 8b d8
0x00007ff879c2e5e7:   48 85 c0 74 34 33 d2 48 8b c8 e8 0a 08 64 00 83
0x00007ff879c2e5f7:   4b 30 24 48 8d 05 a7 66 83 00 48 89 03 48 8d 43
0x00007ff879c2e607:   48 48 89 43 40 c6 43 38 00 c7 43 2c 02 00 00 00
0x00007ff879c2e617:   c7 43 3c 02 00 00 00 eb 02 33 db 48 8b d3 48 8b
0x00007ff879c2e627:   ce e8 c3 bc 04 00 b9 10 00 00 00 e8 59 fa ff ff 


Stack slot to memory mapping:
stack at sp + 0 slots: 0x00007ff879ddc5de jvm.dll
stack at sp + 1 slots: 0x0000000000000003 is an unknown value
stack at sp + 2 slots: 0x000001b522516508 points into unknown readable memory: 0x00007ff87a479a98 | 98 9a 47 7a f8 7f 00 00
stack at sp + 3 slots: 0x0000000000000016 is an unknown value
stack at sp + 4 slots: 0x000001b521051430 points into unknown readable memory: 0x00007ff87a4d9990 | 90 99 4d 7a f8 7f 00 00
stack at sp + 5 slots: 0x0000005900000002 is an unknown value
stack at sp + 6 slots: 0x00007ff800000004 is an unknown value
stack at sp + 7 slots: 0x000001b521051430 points into unknown readable memory: 0x00007ff87a4d9990 | 90 99 4d 7a f8 7f 00 00


---------------  P R O C E S S  ---------------

Threads class SMR info:
_java_thread_list=0x000001b521f3c540, length=15, elements={
0x000001b57fed1c60, 0x000001b51ffb30c0, 0x000001b51ffb4810, 0x000001b51ffc64b0,
0x000001b51ffc9d90, 0x000001b51ffcaee0, 0x000001b51ffcf530, 0x000001b51ffd1e70,
0x000001b51ffd3e60, 0x000001b51ffe7f40, 0x000001b520cbac40, 0x000001b520cc6f60,
0x000001b521998c20, 0x000001b521674710, 0x000001b521c939d0
}

Java Threads: ( => current thread )
  0x000001b57fed1c60 JavaThread "main" [_thread_blocked, id=3296, stack(0x000000a0f6c00000,0x000000a0f6d00000)]
  0x000001b51ffb30c0 JavaThread "Reference Handler" daemon [_thread_blocked, id=7628, stack(0x000000a0f7300000,0x000000a0f7400000)]
  0x000001b51ffb4810 JavaThread "Finalizer" daemon [_thread_blocked, id=3056, stack(0x000000a0f7400000,0x000000a0f7500000)]
  0x000001b51ffc64b0 JavaThread "Signal Dispatcher" daemon [_thread_blocked, id=5852, stack(0x000000a0f7500000,0x000000a0f7600000)]
  0x000001b51ffc9d90 JavaThread "Attach Listener" daemon [_thread_blocked, id=8444, stack(0x000000a0f7600000,0x000000a0f7700000)]
  0x000001b51ffcaee0 JavaThread "Service Thread" daemon [_thread_blocked, id=5524, stack(0x000000a0f7700000,0x000000a0f7800000)]
  0x000001b51ffcf530 JavaThread "Monitor Deflation Thread" daemon [_thread_blocked, id=10372, stack(0x000000a0f7800000,0x000000a0f7900000)]
=>0x000001b51ffd1e70 JavaThread "C2 CompilerThread0" daemon [_thread_in_native, id=2524, stack(0x000000a0f7900000,0x000000a0f7a00000)]
  0x000001b51ffd3e60 JavaThread "C1 CompilerThread0" daemon [_thread_blocked, id=5104, stack(0x000000a0f7a00000,0x000000a0f7b00000)]
  0x000001b51ffe7f40 JavaThread "Sweeper thread" daemon [_thread_blocked, id=9012, stack(0x000000a0f7b00000,0x000000a0f7c00000)]
  0x000001b520cbac40 JavaThread "Notification Thread" daemon [_thread_blocked, id=3084, stack(0x000000a0f7c00000,0x000000a0f7d00000)]
  0x000001b520cc6f60 JavaThread "Common-Cleaner" daemon [_thread_blocked, id=12636, stack(0x000000a0f7e00000,0x000000a0f7f00000)]
  0x000001b521998c20 JavaThread "C2 CompilerThread1" daemon [_thread_in_native, id=12836, stack(0x000000a0f8600000,0x000000a0f8700000)]
  0x000001b521674710 JavaThread "background-preinit" [_thread_in_vm, id=6816, stack(0x000000a0f8700000,0x000000a0f8800000)]
  0x000001b521c939d0 JavaThread "C2 CompilerThread2" daemon [_thread_blocked, id=10932, stack(0x000000a0f8900000,0x000000a0f8a00000)]

Other Threads:
  0x000001b51ffab450 VMThread "VM Thread" [stack: 0x000000a0f7200000,0x000000a0f7300000] [id=1744]
  0x000001b520cc3140 WatcherThread [stack: 0x000000a0f7d00000,0x000000a0f7e00000] [id=9108]
  0x000001b57ff391f0 GCTaskThread "GC Thread#0" [stack: 0x000000a0f6d00000,0x000000a0f6e00000] [id=3188]
  0x000001b52179d3e0 GCTaskThread "GC Thread#1" [stack: 0x000000a0f7f00000,0x000000a0f8000000] [id=11936]
  0x000001b52179d690 GCTaskThread "GC Thread#2" [stack: 0x000000a0f8000000,0x000000a0f8100000] [id=6980]
  0x000001b521353130 GCTaskThread "GC Thread#3" [stack: 0x000000a0f8100000,0x000000a0f8200000] [id=13212]
  0x000001b5215eeda0 GCTaskThread "GC Thread#4" [stack: 0x000000a0f8200000,0x000000a0f8300000] [id=13268]
  0x000001b5215a0de0 GCTaskThread "GC Thread#5" [stack: 0x000000a0f8300000,0x000000a0f8400000] [id=5004]
  0x000001b52136ad20 GCTaskThread "GC Thread#6" [stack: 0x000000a0f8400000,0x000000a0f8500000] [id=8568]
  0x000001b521c157a0 GCTaskThread "GC Thread#7" [stack: 0x000000a0f8800000,0x000000a0f8900000] [id=7048]
  0x000001b57ff4a750 ConcurrentGCThread "G1 Main Marker" [stack: 0x000000a0f6e00000,0x000000a0f6f00000] [id=1320]
  0x000001b57ff4b160 ConcurrentGCThread "G1 Conc#0" [stack: 0x000000a0f6f00000,0x000000a0f7000000] [id=9792]
  0x000001b57ffae830 ConcurrentGCThread "G1 Refine#0" [stack: 0x000000a0f7000000,0x000000a0f7100000] [id=5088]
  0x000001b52198c650 ConcurrentGCThread "G1 Refine#1" [stack: 0x000000a0f8500000,0x000000a0f8600000] [id=9044]
  0x000001b51fe64400 ConcurrentGCThread "G1 Service" [stack: 0x000000a0f7100000,0x000000a0f7200000] [id=1856]

Threads with active compile tasks:
C2 CompilerThread0     3907 1901       4       jdk.internal.org.objectweb.asm.Frame::execute (2305 bytes)
C1 CompilerThread0     3907 2218       3       org.springframework.context.annotation.ConfigurationClassParser$$Lambda$243/0x0000000800da0658::test (8 bytes)
C2 CompilerThread1     3908 2200   !   4       java.util.zip.InflaterInputStream::read (138 bytes)

VM state: not at safepoint (normal execution)

VM Mutex/Monitor currently owned by a thread:  ([mutex/lock_event])
[0x000001b57fecf9d0] MethodCompileQueue_lock - owner thread: 0x000001b521674710

Heap address: 0x0000000080c00000, size: 2036 MB, Compressed Oops mode: 32-bit

CDS archive(s) mapped at: [0x0000000800000000-0x0000000800bc0000-0x0000000800bc0000), size 12320768, SharedBaseAddress: 0x0000000800000000, ArchiveRelocationMode: 0.
Compressed class space mapped at: 0x0000000800c00000-0x0000000840c00000, reserved size: 1073741824
Narrow klass base: 0x0000000800000000, Narrow klass shift: 0, Narrow klass range: 0x100000000

GC Precious Log:
 CPUs: 8 total, 8 available
 Memory: 8139M
 Large Page Support: Disabled
 NUMA Support: Disabled
 Compressed Oops: Enabled (32-bit)
 Heap Region Size: 1M
 Heap Min Capacity: 8M
 Heap Initial Capacity: 128M
 Heap Max Capacity: 2036M
 Pre-touch: Disabled
 Parallel Workers: 8
 Concurrent Workers: 2
 Concurrent Refinement Workers: 8
 Periodic GC: Disabled

Heap:
 garbage-first heap   total 131072K, used 40019K [0x0000000080c00000, 0x0000000100000000)
  region size 1024K, 33 young (33792K), 2 survivors (2048K)
 Metaspace       used 18403K, committed 18624K, reserved 1064960K
  class space    used 2369K, committed 2432K, reserved 1048576K

Heap Regions: E=young(eden), S=young(survivor), O=old, HS=humongous(starts), HC=humongous(continues), CS=collection set, F=free, OA=open archive, CA=closed archive, TAMS=top-at-mark-start (previous, next)
|   0|0x0000000080c00000, 0x0000000080d00000, 0x0000000080d00000|100%|HS|  |TAMS 0x0000000080c00000, 0x0000000080c00000| Complete 
|   1|0x0000000080d00000, 0x0000000080e00000, 0x0000000080e00000|100%| O|  |TAMS 0x0000000080d00000, 0x0000000080d00000| Untracked 
|   2|0x0000000080e00000, 0x0000000080f00000, 0x0000000080f00000|100%| O|  |TAMS 0x0000000080e00000, 0x0000000080e00000| Untracked 
|   3|0x0000000080f00000, 0x0000000081000000, 0x0000000081000000|100%| O|  |TAMS 0x0000000080f00000, 0x0000000080f00000| Untracked 
|   4|0x0000000081000000, 0x0000000081100000, 0x0000000081100000|100%| O|  |TAMS 0x0000000081000000, 0x0000000081000000| Untracked 
|   5|0x0000000081100000, 0x0000000081200000, 0x0000000081200000|100%| O|  |TAMS 0x0000000081100000, 0x0000000081100000| Untracked 
|   6|0x0000000081200000, 0x0000000081300000, 0x0000000081300000|100%| O|  |TAMS 0x0000000081200000, 0x0000000081200000| Untracked 
|   7|0x0000000081300000, 0x000000008132d200, 0x0000000081400000| 17%| O|  |TAMS 0x0000000081300000, 0x0000000081300000| Untracked 
|   8|0x0000000081400000, 0x0000000081400000, 0x0000000081500000|  0%| F|  |TAMS 0x0000000081400000, 0x0000000081400000| Untracked 
|   9|0x0000000081500000, 0x0000000081500000, 0x0000000081600000|  0%| F|  |TAMS 0x0000000081500000, 0x0000000081500000| Untracked 
|  10|0x0000000081600000, 0x0000000081600000, 0x0000000081700000|  0%| F|  |TAMS 0x0000000081600000, 0x0000000081600000| Untracked 
|  11|0x0000000081700000, 0x0000000081700000, 0x0000000081800000|  0%| F|  |TAMS 0x0000000081700000, 0x0000000081700000| Untracked 
|  12|0x0000000081800000, 0x0000000081800000, 0x0000000081900000|  0%| F|  |TAMS 0x0000000081800000, 0x0000000081800000| Untracked 
|  13|0x0000000081900000, 0x0000000081900000, 0x0000000081a00000|  0%| F|  |TAMS 0x0000000081900000, 0x0000000081900000| Untracked 
|  14|0x0000000081a00000, 0x0000000081a00000, 0x0000000081b00000|  0%| F|  |TAMS 0x0000000081a00000, 0x0000000081a00000| Untracked 
|  15|0x0000000081b00000, 0x0000000081b00000, 0x0000000081c00000|  0%| F|  |TAMS 0x0000000081b00000, 0x0000000081b00000| Untracked 
|  16|0x0000000081c00000, 0x0000000081c00000, 0x0000000081d00000|  0%| F|  |TAMS 0x0000000081c00000, 0x0000000081c00000| Untracked 
|  17|0x0000000081d00000, 0x0000000081d00000, 0x0000000081e00000|  0%| F|  |TAMS 0x0000000081d00000, 0x0000000081d00000| Untracked 
|  18|0x0000000081e00000, 0x0000000081e00000, 0x0000000081f00000|  0%| F|  |TAMS 0x0000000081e00000, 0x0000000081e00000| Untracked 
|  19|0x0000000081f00000, 0x0000000081f00000, 0x0000000082000000|  0%| F|  |TAMS 0x0000000081f00000, 0x0000000081f00000| Untracked 
|  20|0x0000000082000000, 0x0000000082000000, 0x0000000082100000|  0%| F|  |TAMS 0x0000000082000000, 0x0000000082000000| Untracked 
|  21|0x0000000082100000, 0x0000000082100000, 0x0000000082200000|  0%| F|  |TAMS 0x0000000082100000, 0x0000000082100000| Untracked 
|  22|0x0000000082200000, 0x0000000082200000, 0x0000000082300000|  0%| F|  |TAMS 0x0000000082200000, 0x0000000082200000| Untracked 
|  23|0x0000000082300000, 0x0000000082300000, 0x0000000082400000|  0%| F|  |TAMS 0x0000000082300000, 0x0000000082300000| Untracked 
|  24|0x0000000082400000, 0x0000000082400000, 0x0000000082500000|  0%| F|  |TAMS 0x0000000082400000, 0x0000000082400000| Untracked 
|  25|0x0000000082500000, 0x0000000082500000, 0x0000000082600000|  0%| F|  |TAMS 0x0000000082500000, 0x0000000082500000| Untracked 
|  26|0x0000000082600000, 0x0000000082600000, 0x0000000082700000|  0%| F|  |TAMS 0x0000000082600000, 0x0000000082600000| Untracked 
|  27|0x0000000082700000, 0x0000000082700000, 0x0000000082800000|  0%| F|  |TAMS 0x0000000082700000, 0x0000000082700000| Untracked 
|  28|0x0000000082800000, 0x0000000082800000, 0x0000000082900000|  0%| F|  |TAMS 0x0000000082800000, 0x0000000082800000| Untracked 
|  29|0x0000000082900000, 0x0000000082900000, 0x0000000082a00000|  0%| F|  |TAMS 0x0000000082900000, 0x0000000082900000| Untracked 
|  30|0x0000000082a00000, 0x0000000082a00000, 0x0000000082b00000|  0%| F|  |TAMS 0x0000000082a00000, 0x0000000082a00000| Untracked 
|  31|0x0000000082b00000, 0x0000000082b00000, 0x0000000082c00000|  0%| F|  |TAMS 0x0000000082b00000, 0x0000000082b00000| Untracked 
|  32|0x0000000082c00000, 0x0000000082c00000, 0x0000000082d00000|  0%| F|  |TAMS 0x0000000082c00000, 0x0000000082c00000| Untracked 
|  33|0x0000000082d00000, 0x0000000082d00000, 0x0000000082e00000|  0%| F|  |TAMS 0x0000000082d00000, 0x0000000082d00000| Untracked 
|  34|0x0000000082e00000, 0x0000000082e00000, 0x0000000082f00000|  0%| F|  |TAMS 0x0000000082e00000, 0x0000000082e00000| Untracked 
|  35|0x0000000082f00000, 0x0000000082f00000, 0x0000000083000000|  0%| F|  |TAMS 0x0000000082f00000, 0x0000000082f00000| Untracked 
|  36|0x0000000083000000, 0x0000000083000000, 0x0000000083100000|  0%| F|  |TAMS 0x0000000083000000, 0x0000000083000000| Untracked 
|  37|0x0000000083100000, 0x0000000083100000, 0x0000000083200000|  0%| F|  |TAMS 0x0000000083100000, 0x0000000083100000| Untracked 
|  38|0x0000000083200000, 0x0000000083200000, 0x0000000083300000|  0%| F|  |TAMS 0x0000000083200000, 0x0000000083200000| Untracked 
|  39|0x0000000083300000, 0x0000000083300000, 0x0000000083400000|  0%| F|  |TAMS 0x0000000083300000, 0x0000000083300000| Untracked 
|  40|0x0000000083400000, 0x0000000083400000, 0x0000000083500000|  0%| F|  |TAMS 0x0000000083400000, 0x0000000083400000| Untracked 
|  41|0x0000000083500000, 0x0000000083500000, 0x0000000083600000|  0%| F|  |TAMS 0x0000000083500000, 0x0000000083500000| Untracked 
|  42|0x0000000083600000, 0x0000000083600000, 0x0000000083700000|  0%| F|  |TAMS 0x0000000083600000, 0x0000000083600000| Untracked 
|  43|0x0000000083700000, 0x0000000083700000, 0x0000000083800000|  0%| F|  |TAMS 0x0000000083700000, 0x0000000083700000| Untracked 
|  44|0x0000000083800000, 0x0000000083800000, 0x0000000083900000|  0%| F|  |TAMS 0x0000000083800000, 0x0000000083800000| Untracked 
|  45|0x0000000083900000, 0x0000000083900000, 0x0000000083a00000|  0%| F|  |TAMS 0x0000000083900000, 0x0000000083900000| Untracked 
|  46|0x0000000083a00000, 0x0000000083a00000, 0x0000000083b00000|  0%| F|  |TAMS 0x0000000083a00000, 0x0000000083a00000| Untracked 
|  47|0x0000000083b00000, 0x0000000083b00000, 0x0000000083c00000|  0%| F|  |TAMS 0x0000000083b00000, 0x0000000083b00000| Untracked 
|  48|0x0000000083c00000, 0x0000000083c00000, 0x0000000083d00000|  0%| F|  |TAMS 0x0000000083c00000, 0x0000000083c00000| Untracked 
|  49|0x0000000083d00000, 0x0000000083d00000, 0x0000000083e00000|  0%| F|  |TAMS 0x0000000083d00000, 0x0000000083d00000| Untracked 
|  50|0x0000000083e00000, 0x0000000083e00000, 0x0000000083f00000|  0%| F|  |TAMS 0x0000000083e00000, 0x0000000083e00000| Untracked 
|  51|0x0000000083f00000, 0x0000000083f00000, 0x0000000084000000|  0%| F|  |TAMS 0x0000000083f00000, 0x0000000083f00000| Untracked 
|  52|0x0000000084000000, 0x0000000084000000, 0x0000000084100000|  0%| F|  |TAMS 0x0000000084000000, 0x0000000084000000| Untracked 
|  53|0x0000000084100000, 0x0000000084100000, 0x0000000084200000|  0%| F|  |TAMS 0x0000000084100000, 0x0000000084100000| Untracked 
|  54|0x0000000084200000, 0x0000000084200000, 0x0000000084300000|  0%| F|  |TAMS 0x0000000084200000, 0x0000000084200000| Untracked 
|  55|0x0000000084300000, 0x0000000084300000, 0x0000000084400000|  0%| F|  |TAMS 0x0000000084300000, 0x0000000084300000| Untracked 
|  56|0x0000000084400000, 0x0000000084400000, 0x0000000084500000|  0%| F|  |TAMS 0x0000000084400000, 0x0000000084400000| Untracked 
|  57|0x0000000084500000, 0x0000000084500000, 0x0000000084600000|  0%| F|  |TAMS 0x0000000084500000, 0x0000000084500000| Untracked 
|  58|0x0000000084600000, 0x0000000084600000, 0x0000000084700000|  0%| F|  |TAMS 0x0000000084600000, 0x0000000084600000| Untracked 
|  59|0x0000000084700000, 0x0000000084700000, 0x0000000084800000|  0%| F|  |TAMS 0x0000000084700000, 0x0000000084700000| Untracked 
|  60|0x0000000084800000, 0x0000000084800000, 0x0000000084900000|  0%| F|  |TAMS 0x0000000084800000, 0x0000000084800000| Untracked 
|  61|0x0000000084900000, 0x0000000084900000, 0x0000000084a00000|  0%| F|  |TAMS 0x0000000084900000, 0x0000000084900000| Untracked 
|  62|0x0000000084a00000, 0x0000000084a00000, 0x0000000084b00000|  0%| F|  |TAMS 0x0000000084a00000, 0x0000000084a00000| Untracked 
|  63|0x0000000084b00000, 0x0000000084b00000, 0x0000000084c00000|  0%| F|  |TAMS 0x0000000084b00000, 0x0000000084b00000| Untracked 
|  64|0x0000000084c00000, 0x0000000084c00000, 0x0000000084d00000|  0%| F|  |TAMS 0x0000000084c00000, 0x0000000084c00000| Untracked 
|  65|0x0000000084d00000, 0x0000000084d00000, 0x0000000084e00000|  0%| F|  |TAMS 0x0000000084d00000, 0x0000000084d00000| Untracked 
|  66|0x0000000084e00000, 0x0000000084e00000, 0x0000000084f00000|  0%| F|  |TAMS 0x0000000084e00000, 0x0000000084e00000| Untracked 
|  67|0x0000000084f00000, 0x0000000084f00000, 0x0000000085000000|  0%| F|  |TAMS 0x0000000084f00000, 0x0000000084f00000| Untracked 
|  68|0x0000000085000000, 0x0000000085000000, 0x0000000085100000|  0%| F|  |TAMS 0x0000000085000000, 0x0000000085000000| Untracked 
|  69|0x0000000085100000, 0x0000000085100000, 0x0000000085200000|  0%| F|  |TAMS 0x0000000085100000, 0x0000000085100000| Untracked 
|  70|0x0000000085200000, 0x0000000085200000, 0x0000000085300000|  0%| F|  |TAMS 0x0000000085200000, 0x0000000085200000| Untracked 
|  71|0x0000000085300000, 0x0000000085300000, 0x0000000085400000|  0%| F|  |TAMS 0x0000000085300000, 0x0000000085300000| Untracked 
|  72|0x0000000085400000, 0x0000000085400000, 0x0000000085500000|  0%| F|  |TAMS 0x0000000085400000, 0x0000000085400000| Untracked 
|  73|0x0000000085500000, 0x0000000085500000, 0x0000000085600000|  0%| F|  |TAMS 0x0000000085500000, 0x0000000085500000| Untracked 
|  74|0x0000000085600000, 0x0000000085600000, 0x0000000085700000|  0%| F|  |TAMS 0x0000000085600000, 0x0000000085600000| Untracked 
|  75|0x0000000085700000, 0x0000000085700000, 0x0000000085800000|  0%| F|  |TAMS 0x0000000085700000, 0x0000000085700000| Untracked 
|  76|0x0000000085800000, 0x0000000085800000, 0x0000000085900000|  0%| F|  |TAMS 0x0000000085800000, 0x0000000085800000| Untracked 
|  77|0x0000000085900000, 0x0000000085900000, 0x0000000085a00000|  0%| F|  |TAMS 0x0000000085900000, 0x0000000085900000| Untracked 
|  78|0x0000000085a00000, 0x0000000085a00000, 0x0000000085b00000|  0%| F|  |TAMS 0x0000000085a00000, 0x0000000085a00000| Untracked 
|  79|0x0000000085b00000, 0x0000000085b00000, 0x0000000085c00000|  0%| F|  |TAMS 0x0000000085b00000, 0x0000000085b00000| Untracked 
|  80|0x0000000085c00000, 0x0000000085c00000, 0x0000000085d00000|  0%| F|  |TAMS 0x0000000085c00000, 0x0000000085c00000| Untracked 
|  81|0x0000000085d00000, 0x0000000085d00000, 0x0000000085e00000|  0%| F|  |TAMS 0x0000000085d00000, 0x0000000085d00000| Untracked 
|  82|0x0000000085e00000, 0x0000000085e00000, 0x0000000085f00000|  0%| F|  |TAMS 0x0000000085e00000, 0x0000000085e00000| Untracked 
|  83|0x0000000085f00000, 0x0000000085f00000, 0x0000000086000000|  0%| F|  |TAMS 0x0000000085f00000, 0x0000000085f00000| Untracked 
|  84|0x0000000086000000, 0x0000000086000000, 0x0000000086100000|  0%| F|  |TAMS 0x0000000086000000, 0x0000000086000000| Untracked 
|  85|0x0000000086100000, 0x0000000086100000, 0x0000000086200000|  0%| F|  |TAMS 0x0000000086100000, 0x0000000086100000| Untracked 
|  86|0x0000000086200000, 0x0000000086200000, 0x0000000086300000|  0%| F|  |TAMS 0x0000000086200000, 0x0000000086200000| Untracked 
|  87|0x0000000086300000, 0x0000000086300000, 0x0000000086400000|  0%| F|  |TAMS 0x0000000086300000, 0x0000000086300000| Untracked 
|  88|0x0000000086400000, 0x0000000086400000, 0x0000000086500000|  0%| F|  |TAMS 0x0000000086400000, 0x0000000086400000| Untracked 
|  89|0x0000000086500000, 0x0000000086500000, 0x0000000086600000|  0%| F|  |TAMS 0x0000000086500000, 0x0000000086500000| Untracked 
|  90|0x0000000086600000, 0x0000000086600000, 0x0000000086700000|  0%| F|  |TAMS 0x0000000086600000, 0x0000000086600000| Untracked 
|  91|0x0000000086700000, 0x0000000086700000, 0x0000000086800000|  0%| F|  |TAMS 0x0000000086700000, 0x0000000086700000| Untracked 
|  92|0x0000000086800000, 0x0000000086800000, 0x0000000086900000|  0%| F|  |TAMS 0x0000000086800000, 0x0000000086800000| Untracked 
|  93|0x0000000086900000, 0x0000000086900000, 0x0000000086a00000|  0%| F|  |TAMS 0x0000000086900000, 0x0000000086900000| Untracked 
|  94|0x0000000086a00000, 0x0000000086a00000, 0x0000000086b00000|  0%| F|  |TAMS 0x0000000086a00000, 0x0000000086a00000| Untracked 
|  95|0x0000000086b00000, 0x0000000086b80800, 0x0000000086c00000| 50%| E|  |TAMS 0x0000000086b00000, 0x0000000086b00000| Complete 
|  96|0x0000000086c00000, 0x0000000086d00000, 0x0000000086d00000|100%| E|CS|TAMS 0x0000000086c00000, 0x0000000086c00000| Complete 
|  97|0x0000000086d00000, 0x0000000086e00000, 0x0000000086e00000|100%| E|CS|TAMS 0x0000000086d00000, 0x0000000086d00000| Complete 
|  98|0x0000000086e00000, 0x0000000086f00000, 0x0000000086f00000|100%| E|CS|TAMS 0x0000000086e00000, 0x0000000086e00000| Complete 
|  99|0x0000000086f00000, 0x0000000086fe7bb0, 0x0000000087000000| 90%| S|CS|TAMS 0x0000000086f00000, 0x0000000086f00000| Complete 
| 100|0x0000000087000000, 0x0000000087100000, 0x0000000087100000|100%| S|CS|TAMS 0x0000000087000000, 0x0000000087000000| Complete 
| 101|0x0000000087100000, 0x0000000087200000, 0x0000000087200000|100%| E|CS|TAMS 0x0000000087100000, 0x0000000087100000| Complete 
| 102|0x0000000087200000, 0x0000000087300000, 0x0000000087300000|100%| E|CS|TAMS 0x0000000087200000, 0x0000000087200000| Complete 
| 103|0x0000000087300000, 0x0000000087400000, 0x0000000087400000|100%| E|CS|TAMS 0x0000000087300000, 0x0000000087300000| Complete 
| 104|0x0000000087400000, 0x0000000087500000, 0x0000000087500000|100%| E|CS|TAMS 0x0000000087400000, 0x0000000087400000| Complete 
| 105|0x0000000087500000, 0x0000000087600000, 0x0000000087600000|100%| E|CS|TAMS 0x0000000087500000, 0x0000000087500000| Complete 
| 106|0x0000000087600000, 0x0000000087700000, 0x0000000087700000|100%| E|CS|TAMS 0x0000000087600000, 0x0000000087600000| Complete 
| 107|0x0000000087700000, 0x0000000087800000, 0x0000000087800000|100%| E|CS|TAMS 0x0000000087700000, 0x0000000087700000| Complete 
| 108|0x0000000087800000, 0x0000000087900000, 0x0000000087900000|100%| E|CS|TAMS 0x0000000087800000, 0x0000000087800000| Complete 
| 109|0x0000000087900000, 0x0000000087a00000, 0x0000000087a00000|100%| E|CS|TAMS 0x0000000087900000, 0x0000000087900000| Complete 
| 110|0x0000000087a00000, 0x0000000087b00000, 0x0000000087b00000|100%| E|CS|TAMS 0x0000000087a00000, 0x0000000087a00000| Complete 
| 111|0x0000000087b00000, 0x0000000087c00000, 0x0000000087c00000|100%| E|CS|TAMS 0x0000000087b00000, 0x0000000087b00000| Complete 
| 112|0x0000000087c00000, 0x0000000087d00000, 0x0000000087d00000|100%| E|CS|TAMS 0x0000000087c00000, 0x0000000087c00000| Complete 
| 113|0x0000000087d00000, 0x0000000087e00000, 0x0000000087e00000|100%| E|CS|TAMS 0x0000000087d00000, 0x0000000087d00000| Complete 
| 114|0x0000000087e00000, 0x0000000087f00000, 0x0000000087f00000|100%| E|CS|TAMS 0x0000000087e00000, 0x0000000087e00000| Complete 
| 115|0x0000000087f00000, 0x0000000088000000, 0x0000000088000000|100%| E|CS|TAMS 0x0000000087f00000, 0x0000000087f00000| Complete 
| 116|0x0000000088000000, 0x0000000088100000, 0x0000000088100000|100%| E|CS|TAMS 0x0000000088000000, 0x0000000088000000| Complete 
| 117|0x0000000088100000, 0x0000000088200000, 0x0000000088200000|100%| E|CS|TAMS 0x0000000088100000, 0x0000000088100000| Complete 
| 118|0x0000000088200000, 0x0000000088300000, 0x0000000088300000|100%| E|CS|TAMS 0x0000000088200000, 0x0000000088200000| Complete 
| 119|0x0000000088300000, 0x0000000088400000, 0x0000000088400000|100%| E|CS|TAMS 0x0000000088300000, 0x0000000088300000| Complete 
| 120|0x0000000088400000, 0x0000000088500000, 0x0000000088500000|100%| E|CS|TAMS 0x0000000088400000, 0x0000000088400000| Complete 
| 121|0x0000000088500000, 0x0000000088600000, 0x0000000088600000|100%| E|CS|TAMS 0x0000000088500000, 0x0000000088500000| Complete 
| 122|0x0000000088600000, 0x0000000088700000, 0x0000000088700000|100%| E|CS|TAMS 0x0000000088600000, 0x0000000088600000| Complete 
| 123|0x0000000088700000, 0x0000000088800000, 0x0000000088800000|100%| E|CS|TAMS 0x0000000088700000, 0x0000000088700000| Complete 
| 124|0x0000000088800000, 0x0000000088900000, 0x0000000088900000|100%| E|CS|TAMS 0x0000000088800000, 0x0000000088800000| Complete 
| 125|0x0000000088900000, 0x0000000088a00000, 0x0000000088a00000|100%| E|CS|TAMS 0x0000000088900000, 0x0000000088900000| Complete 
| 126|0x0000000088a00000, 0x0000000088b00000, 0x0000000088b00000|100%| E|CS|TAMS 0x0000000088a00000, 0x0000000088a00000| Complete 
| 127|0x0000000088b00000, 0x0000000088c00000, 0x0000000088c00000|100%| E|CS|TAMS 0x0000000088b00000, 0x0000000088b00000| Complete 

Card table byte_map: [0x000001b518da0000,0x000001b5191a0000] _byte_map_base: 0x000001b51899a000

Marking Bits (Prev, Next): (CMBitMap*) 0x000001b57ff39800, (CMBitMap*) 0x000001b57ff39840
 Prev Bits: [0x000001b5195a0000, 0x000001b51b570000)
 Next Bits: [0x000001b51b570000, 0x000001b51d540000)

Polling page: 0x000001b57fd00000

Metaspace:

Usage:
  Non-class:     15.66 MB used.
      Class:      2.31 MB used.
       Both:     17.98 MB used.

Virtual space:
  Non-class space:       16.00 MB reserved,      15.81 MB ( 99%) committed,  2 nodes.
      Class space:        1.00 GB reserved,       2.38 MB ( <1%) committed,  1 nodes.
             Both:        1.02 GB reserved,      18.19 MB (  2%) committed. 

Chunk freelists:
   Non-Class:  240.00 KB
       Class:  1.44 MB
        Both:  1.67 MB

MaxMetaspaceSize: unlimited
CompressedClassSpaceSize: 1.00 GB
Initial GC threshold: 21.00 MB
Current GC threshold: 21.00 MB
CDS: on
MetaspaceReclaimPolicy: balanced
 - commit_granule_bytes: 65536.
 - commit_granule_words: 8192.
 - virtual_space_node_default_size: 1048576.
 - enlarge_chunks_in_place: 1.
 - new_chunks_are_fully_committed: 0.
 - uncommit_free_chunks: 1.
 - use_allocation_guard: 0.
 - handle_deallocations: 1.


Internal statistics:

num_allocs_failed_limit: 0.
num_arena_births: 168.
num_arena_deaths: 0.
num_vsnodes_births: 3.
num_vsnodes_deaths: 0.
num_space_committed: 291.
num_space_uncommitted: 0.
num_chunks_returned_to_freelist: 0.
num_chunks_taken_from_freelist: 773.
num_chunk_merges: 0.
num_chunk_splits: 539.
num_chunks_enlarged: 443.
num_purges: 0.
num_inconsistent_stats: 0.

CodeHeap 'non-profiled nmethods': size=120000Kb used=858Kb max_used=858Kb free=119141Kb
 bounds [0x000001b510a10000, 0x000001b510c80000, 0x000001b517f40000]
CodeHeap 'profiled nmethods': size=120000Kb used=4326Kb max_used=4326Kb free=115674Kb
 bounds [0x000001b5094e0000, 0x000001b509920000, 0x000001b510a10000]
CodeHeap 'non-nmethods': size=5760Kb used=1179Kb max_used=1209Kb free=4580Kb
 bounds [0x000001b508f40000, 0x000001b5091b0000, 0x000001b5094e0000]
 total_blobs=2687 nmethods=2217 adapters=382
 compilation: enabled
              stopped_count=0, restarted_count=0
 full_count=0

Compilation events (20 events):
Event: 3.704 Thread 0x000001b51ffd3e60 2134       3       java.lang.reflect.Constructor::copy (72 bytes)
Event: 3.705 Thread 0x000001b51ffd3e60 nmethod 2134 0x000001b5098e6310 code [0x000001b5098e64e0, 0x000001b5098e6898]
Event: 3.706 Thread 0x000001b51ffd3e60 2135       3       java.lang.reflect.Constructor::<init> (50 bytes)
Event: 3.706 Thread 0x000001b51ffd3e60 nmethod 2135 0x000001b5098e6990 code [0x000001b5098e6b60, 0x000001b5098e6fd8]
Event: 3.706 Thread 0x000001b51ffd3e60 2136       3       org.springframework.util.ClassUtils::resolvePrimitiveIfNecessary (37 bytes)
Event: 3.707 Thread 0x000001b51ffd3e60 nmethod 2136 0x000001b5098e7110 code [0x000001b5098e72e0, 0x000001b5098e7738]
Event: 3.708 Thread 0x000001b51ffd3e60 2141       3       org.springframework.asm.Type::getType (10 bytes)
Event: 3.708 Thread 0x000001b51ffd3e60 nmethod 2141 0x000001b5098e7890 code [0x000001b5098e7a40, 0x000001b5098e7c68]
Event: 3.708 Thread 0x000001b51ffd3e60 2131       3       org.springframework.core.annotation.MergedAnnotationsCollection$AnnotationsSpliterator::createMergedAnnotationIfPossible (54 bytes)
Event: 3.709 Thread 0x000001b51ffd3e60 nmethod 2131 0x000001b5098e7d90 code [0x000001b5098e7f80, 0x000001b5098e8458]
Event: 3.709 Thread 0x000001b51ffd3e60 2133       3       org.apache.commons.logging.LogFactory::getLog (8 bytes)
Event: 3.710 Thread 0x000001b51ffd3e60 nmethod 2133 0x000001b5098e8690 code [0x000001b5098e8860, 0x000001b5098e8ab8]
Event: 3.710 Thread 0x000001b51ffd3e60 2143       3       java.util.IdentityHashMap::maskNull (12 bytes)
Event: 3.710 Thread 0x000001b51ffd3e60 nmethod 2143 0x000001b5098e8c10 code [0x000001b5098e8da0, 0x000001b5098e8ed8]
Event: 3.710 Thread 0x000001b51ffd3e60 2142       1       org.springframework.core.annotation.AnnotationFilter$1::matches (2 bytes)
Event: 3.710 Thread 0x000001b51ffd3e60 nmethod 2142 0x000001b510adda90 code [0x000001b510addc20, 0x000001b510addcf8]
Event: 3.710 Thread 0x000001b51ffd3e60 2146       3       org.springframework.core.io.DefaultResourceLoader::getClassLoader (18 bytes)
Event: 3.711 Thread 0x000001b51ffd3e60 nmethod 2146 0x000001b5098e8f90 code [0x000001b5098e9140, 0x000001b5098e92c8]
Event: 3.711 Thread 0x000001b51ffd3e60 2145       3       java.util.stream.ReferencePipeline$3$1::accept (23 bytes)
Event: 3.711 Thread 0x000001b51ffd3e60 nmethod 2145 0x000001b5098e9390 code [0x000001b5098e9540, 0x000001b5098e97f8]

GC Heap History (4 events):
Event: 1.932 GC heap before
{Heap before GC invocations=0 (full 0):
 garbage-first heap   total 131072K, used 23552K [0x0000000080c00000, 0x0000000100000000)
  region size 1024K, 23 young (23552K), 0 survivors (0K)
 Metaspace       used 6028K, committed 6144K, reserved 1056768K
  class space    used 731K, committed 768K, reserved 1048576K
}
Event: 1.941 GC heap after
{Heap after GC invocations=1 (full 0):
 garbage-first heap   total 131072K, used 7256K [0x0000000080c00000, 0x0000000100000000)
  region size 1024K, 3 young (3072K), 3 survivors (3072K)
 Metaspace       used 6028K, committed 6144K, reserved 1056768K
  class space    used 731K, committed 768K, reserved 1048576K
}
Event: 2.943 GC heap before
{Heap before GC invocations=1 (full 0):
 garbage-first heap   total 131072K, used 30808K [0x0000000080c00000, 0x0000000100000000)
  region size 1024K, 27 young (27648K), 3 survivors (3072K)
 Metaspace       used 12248K, committed 12416K, reserved 1064960K
  class space    used 1656K, committed 1728K, reserved 1048576K
}
Event: 2.957 GC heap after
{Heap after GC invocations=2 (full 0):
 garbage-first heap   total 131072K, used 9299K [0x0000000080c00000, 0x0000000100000000)
  region size 1024K, 2 young (2048K), 2 survivors (2048K)
 Metaspace       used 12248K, committed 12416K, reserved 1064960K
  class space    used 1656K, committed 1728K, reserved 1048576K
}

Deoptimization events (20 events):
Event: 3.441 Thread 0x000001b57fed1c60 DEOPT PACKING pc=0x000001b50985f266 sp=0x000000a0f6cfe340
Event: 3.441 Thread 0x000001b57fed1c60 DEOPT UNPACKING pc=0x000001b508f92b43 sp=0x000000a0f6cfd808 mode 0
Event: 3.442 Thread 0x000001b57fed1c60 DEOPT PACKING pc=0x000001b509867031 sp=0x000000a0f6cfe310
Event: 3.442 Thread 0x000001b57fed1c60 DEOPT UNPACKING pc=0x000001b508f92b43 sp=0x000000a0f6cfd800 mode 0
Event: 3.442 Thread 0x000001b57fed1c60 DEOPT PACKING pc=0x000001b50985f266 sp=0x000000a0f6cfe340
Event: 3.442 Thread 0x000001b57fed1c60 DEOPT UNPACKING pc=0x000001b508f92b43 sp=0x000000a0f6cfd808 mode 0
Event: 3.442 Thread 0x000001b57fed1c60 DEOPT PACKING pc=0x000001b5098864c1 sp=0x000000a0f6cfe340
Event: 3.442 Thread 0x000001b57fed1c60 DEOPT UNPACKING pc=0x000001b508f92b43 sp=0x000000a0f6cfd868 mode 0
Event: 3.549 Thread 0x000001b57fed1c60 Uncommon trap: trap_request=0xffffffc6 fr.pc=0x000001b510acd030 relative=0x0000000000000830
Event: 3.549 Thread 0x000001b57fed1c60 Uncommon trap: reason=bimorphic_or_optimized_type_check action=maybe_recompile pc=0x000001b510acd030 method=java.util.HashMap.putVal(ILjava/lang/Object;Ljava/lang/Object;ZZ)Ljava/lang/Object; @ 203 c2
Event: 3.549 Thread 0x000001b57fed1c60 DEOPT PACKING pc=0x000001b510acd030 sp=0x000000a0f6cfe180
Event: 3.549 Thread 0x000001b57fed1c60 DEOPT UNPACKING pc=0x000001b508f923a3 sp=0x000000a0f6cfe090 mode 2
Event: 3.581 Thread 0x000001b57fed1c60 Uncommon trap: trap_request=0xffffffc6 fr.pc=0x000001b510acd030 relative=0x0000000000000830
Event: 3.581 Thread 0x000001b57fed1c60 Uncommon trap: reason=bimorphic_or_optimized_type_check action=maybe_recompile pc=0x000001b510acd030 method=java.util.HashMap.putVal(ILjava/lang/Object;Ljava/lang/Object;ZZ)Ljava/lang/Object; @ 203 c2
Event: 3.581 Thread 0x000001b57fed1c60 DEOPT PACKING pc=0x000001b510acd030 sp=0x000000a0f6cfe180
Event: 3.581 Thread 0x000001b57fed1c60 DEOPT UNPACKING pc=0x000001b508f923a3 sp=0x000000a0f6cfe090 mode 2
Event: 3.639 Thread 0x000001b57fed1c60 Uncommon trap: trap_request=0xffffffc6 fr.pc=0x000001b510ad0b38 relative=0x00000000000007b8
Event: 3.639 Thread 0x000001b57fed1c60 Uncommon trap: reason=bimorphic_or_optimized_type_check action=maybe_recompile pc=0x000001b510ad0b38 method=java.util.HashMap.putVal(ILjava/lang/Object;Ljava/lang/Object;ZZ)Ljava/lang/Object; @ 203 c2
Event: 3.639 Thread 0x000001b57fed1c60 DEOPT PACKING pc=0x000001b510ad0b38 sp=0x000000a0f6cfe0e0
Event: 3.639 Thread 0x000001b57fed1c60 DEOPT UNPACKING pc=0x000001b508f923a3 sp=0x000000a0f6cfe070 mode 2

Classes unloaded (0 events):
No events

Classes redefined (0 events):
No events

Internal exceptions (20 events):
Event: 2.559 Thread 0x000001b57fed1c60 Exception <a 'java/lang/NoSuchMethodError'{0x00000000880a7640}: 'org.slf4j.impl.StaticMDCBinder org.slf4j.impl.StaticMDCBinder.getSingleton()'> (0x00000000880a7640) 
thrown [s\open\src\hotspot\share\interpreter\linkResolver.cpp, line 759]
Event: 2.838 Thread 0x000001b57fed1c60 Exception <a 'java/lang/ClassNotFoundException'{0x0000000087772968}: java/lang/ObjectCustomizer> (0x0000000087772968) 
thrown [s\open\src\hotspot\share\classfile\systemDictionary.cpp, line 256]
Event: 2.843 Thread 0x000001b57fed1c60 Exception <a 'java/lang/IncompatibleClassChangeError'{0x0000000087777808}: Found class java.lang.Object, but interface was expected> (0x0000000087777808) 
thrown [s\open\src\hotspot\share\interpreter\linkResolver.cpp, line 826]
Event: 2.853 Thread 0x000001b57fed1c60 Exception <a 'java/lang/ClassNotFoundException'{0x000000008778fd40}: org/springframework/context/annotation/ConfigurationClassPostProcessorCustomizer> (0x000000008778fd40) 
thrown [s\open\src\hotspot\share\classfile\systemDictionary.cpp, line 256]
Event: 2.863 Thread 0x000001b57fed1c60 Exception <a 'java/lang/ClassNotFoundException'{0x00000000877ae290}: org/springframework/beans/factory/support/BeanDefinitionRegistryPostProcessorCustomizer> (0x00000000877ae290) 
thrown [s\open\src\hotspot\share\classfile\systemDictionary.cpp, line 256]
Event: 2.867 Thread 0x000001b57fed1c60 Exception <a 'java/lang/ClassNotFoundException'{0x00000000877b2bc0}: org/springframework/beans/factory/config/BeanFactoryPostProcessorCustomizer> (0x00000000877b2bc0) 
thrown [s\open\src\hotspot\share\classfile\systemDictionary.cpp, line 256]
Event: 2.871 Thread 0x000001b57fed1c60 Exception <a 'java/lang/ClassNotFoundException'{0x00000000877b7348}: org/springframework/core/PriorityOrderedCustomizer> (0x00000000877b7348) 
thrown [s\open\src\hotspot\share\classfile\systemDictionary.cpp, line 256]
Event: 2.873 Thread 0x000001b57fed1c60 Exception <a 'java/lang/ClassNotFoundException'{0x00000000877ba748}: org/springframework/core/OrderedCustomizer> (0x00000000877ba748) 
thrown [s\open\src\hotspot\share\classfile\systemDictionary.cpp, line 256]
Event: 2.875 Thread 0x000001b57fed1c60 Exception <a 'java/lang/ClassNotFoundException'{0x000000008767c300}: org/springframework/context/ResourceLoaderAwareCustomizer> (0x000000008767c300) 
thrown [s\open\src\hotspot\share\classfile\systemDictionary.cpp, line 256]
Event: 2.877 Thread 0x000001b57fed1c60 Exception <a 'java/lang/ClassNotFoundException'{0x0000000087680a80}: org/springframework/beans/factory/AwareCustomizer> (0x0000000087680a80) 
thrown [s\open\src\hotspot\share\classfile\systemDictionary.cpp, line 256]
Event: 2.878 Thread 0x000001b57fed1c60 Exception <a 'java/lang/ClassNotFoundException'{0x0000000087684188}: org/springframework/context/ApplicationStartupAwareCustomizer> (0x0000000087684188) 
thrown [s\open\src\hotspot\share\classfile\systemDictionary.cpp, line 256]
Event: 2.879 Thread 0x000001b57fed1c60 Exception <a 'java/lang/ClassNotFoundException'{0x0000000087688b90}: org/springframework/beans/factory/AwareCustomizer> (0x0000000087688b90) 
thrown [s\open\src\hotspot\share\classfile\systemDictionary.cpp, line 256]
Event: 2.880 Thread 0x000001b57fed1c60 Exception <a 'java/lang/ClassNotFoundException'{0x000000008768c2d0}: org/springframework/beans/factory/BeanClassLoaderAwareCustomizer> (0x000000008768c2d0) 
thrown [s\open\src\hotspot\share\classfile\systemDictionary.cpp, line 256]
Event: 2.881 Thread 0x000001b57fed1c60 Exception <a 'java/lang/ClassNotFoundException'{0x0000000087690a38}: org/springframework/beans/factory/AwareCustomizer> (0x0000000087690a38) 
thrown [s\open\src\hotspot\share\classfile\systemDictionary.cpp, line 256]
Event: 2.881 Thread 0x000001b57fed1c60 Exception <a 'java/lang/ClassNotFoundException'{0x0000000087693f18}: org/springframework/context/EnvironmentAwareCustomizer> (0x0000000087693f18) 
thrown [s\open\src\hotspot\share\classfile\systemDictionary.cpp, line 256]
Event: 2.882 Thread 0x000001b57fed1c60 Exception <a 'java/lang/ClassNotFoundException'{0x0000000087698618}: org/springframework/beans/factory/AwareCustomizer> (0x0000000087698618) 
thrown [s\open\src\hotspot\share\classfile\systemDictionary.cpp, line 256]
Event: 2.936 Thread 0x000001b57fed1c60 Exception <a 'java/lang/NoSuchMethodError'{0x00000000875fa030}: 'java.lang.Object java.lang.invoke.DirectMethodHandle$Holder.invokeVirtual(java.lang.Object, java.lang.Object, java.lang.Object)'> (0x00000000875fa030) 
thrown [s\open\src\hotspot\share\interpreter\linkResolver.cpp, line 759]
Event: 3.212 Thread 0x000001b521674710 Exception <a 'java/lang/NoSuchMethodError'{0x0000000088580ce8}: 'java.lang.Object java.lang.invoke.DirectMethodHandle$Holder.invokeStaticInit(java.lang.Object, java.lang.Object, java.lang.Object)'> (0x0000000088580ce8) 
thrown [s\open\src\hotspot\share\interpreter\linkResolver.cpp, line 759]
Event: 3.214 Thread 0x000001b521674710 Exception <a 'java/lang/NoSuchMethodError'{0x0000000088586bd8}: 'java.lang.Object java.lang.invoke.DirectMethodHandle$Holder.invokeStaticInit(java.lang.Object, java.lang.Object, java.lang.Object, java.lang.Object, java.lang.Object)'> (0x0000000088586bd8) 
thrown [s\open\src\hotspot\share\interpreter\linkResolver.cpp, line 759]
Event: 3.423 Thread 0x000001b57fed1c60 Exception <a 'java/lang/IncompatibleClassChangeError'{0x0000000087baf4f8}: Found class java.lang.Object, but interface was expected> (0x0000000087baf4f8) 
thrown [s\open\src\hotspot\share\interpreter\linkResolver.cpp, line 826]

VM Operations (20 events):
Event: 1.090 Executing VM operation: Cleanup
Event: 1.090 Executing VM operation: Cleanup done
Event: 1.475 Executing VM operation: HandshakeAllThreads
Event: 1.475 Executing VM operation: HandshakeAllThreads done
Event: 1.930 Executing VM operation: HandshakeAllThreads
Event: 1.930 Executing VM operation: HandshakeAllThreads done
Event: 1.932 Executing VM operation: G1CollectForAllocation
Event: 1.941 Executing VM operation: G1CollectForAllocation done
Event: 2.686 Executing VM operation: HandshakeAllThreads
Event: 2.686 Executing VM operation: HandshakeAllThreads done
Event: 2.717 Executing VM operation: HandshakeAllThreads
Event: 2.717 Executing VM operation: HandshakeAllThreads done
Event: 2.773 Executing VM operation: HandshakeAllThreads
Event: 2.773 Executing VM operation: HandshakeAllThreads done
Event: 2.785 Executing VM operation: ICBufferFull
Event: 2.785 Executing VM operation: ICBufferFull done
Event: 2.906 Executing VM operation: HandshakeAllThreads
Event: 2.906 Executing VM operation: HandshakeAllThreads done
Event: 2.943 Executing VM operation: G1CollectForAllocation
Event: 2.957 Executing VM operation: G1CollectForAllocation done

Events (20 events):
Event: 3.252 loading class jdk/xml/internal/XMLSecurityManager$NameMap done
Event: 3.252 loading class jdk/xml/internal/JdkProperty
Event: 3.252 loading class jdk/xml/internal/JdkProperty done
Event: 3.297 Thread 0x000001b521b77b60 Thread added: 0x000001b521b77b60
Event: 3.325 loading class javax/naming/ldap/LdapContext
Event: 3.326 loading class javax/naming/directory/DirContext
Event: 3.326 loading class javax/naming/directory/DirContext done
Event: 3.326 loading class javax/naming/ldap/LdapContext done
Event: 3.354 Thread 0x000001b521b77b60 Thread exited: 0x000001b521b77b60
Event: 3.384 loading class java/beans/ConstructorProperties
Event: 3.384 loading class java/beans/ConstructorProperties done
Event: 3.424 loading class sun/text/resources/cldr/FormatData_en
Event: 3.424 loading class sun/text/resources/cldr/FormatData_en done
Event: 3.425 loading class sun/text/resources/cldr/FormatData_en_US
Event: 3.425 loading class sun/text/resources/cldr/FormatData_en_US done
Event: 3.434 Thread 0x000001b521c939d0 Thread added: 0x000001b521c939d0
Event: 3.445 loading class java/io/CharArrayReader
Event: 3.445 loading class java/io/CharArrayReader done
Event: 3.476 loading class java/util/concurrent/atomic/AtomicReference
Event: 3.476 loading class java/util/concurrent/atomic/AtomicReference done


Dynamic libraries:
0x00007ff70ecf0000 - 0x00007ff70ed00000 	C:\Program Files\Java\jdk-17.0.4.1\bin\java.exe
0x00007ff8c3b10000 - 0x00007ff8c3d08000 	C:\Windows\SYSTEM32\ntdll.dll
0x00007ff8c2af0000 - 0x00007ff8c2baf000 	C:\Windows\System32\KERNEL32.DLL
0x00007ff8c14a0000 - 0x00007ff8c1772000 	C:\Windows\System32\KERNELBASE.dll
0x00007ff8c1940000 - 0x00007ff8c1a40000 	C:\Windows\System32\ucrtbase.dll
0x00007ff8baf60000 - 0x00007ff8baf78000 	C:\Program Files\Java\jdk-17.0.4.1\bin\jli.dll
0x00007ff8c39c0000 - 0x00007ff8c3a6e000 	C:\Windows\System32\ADVAPI32.dll
0x00007ff8c38c0000 - 0x00007ff8c395e000 	C:\Windows\System32\msvcrt.dll
0x00007ff8c34d0000 - 0x00007ff8c356c000 	C:\Windows\System32\sechost.dll
0x00007ff8c3790000 - 0x00007ff8c38b5000 	C:\Windows\System32\RPCRT4.dll
0x00007ff8c1b50000 - 0x00007ff8c1cf1000 	C:\Windows\System32\USER32.dll
0x00007ff8c1470000 - 0x00007ff8c1492000 	C:\Windows\System32\win32u.dll
0x00007ff8c2bb0000 - 0x00007ff8c2bdb000 	C:\Windows\System32\GDI32.dll
0x00007ff8c1360000 - 0x00007ff8c146f000 	C:\Windows\System32\gdi32full.dll
0x00007ff8c1a40000 - 0x00007ff8c1add000 	C:\Windows\System32\msvcp_win.dll
0x00007ff8baf40000 - 0x00007ff8baf5a000 	C:\Program Files\Java\jdk-17.0.4.1\bin\VCRUNTIME140.dll
0x00007ff8b3640000 - 0x00007ff8b38da000 	C:\Windows\WinSxS\amd64_microsoft.windows.common-controls_6595b64144ccf1df_6.0.19041.1110_none_60b5254171f9507e\COMCTL32.dll
0x00007ff8b7370000 - 0x00007ff8b737a000 	C:\Windows\SYSTEM32\VERSION.dll
0x00007ff8c2ab0000 - 0x00007ff8c2ae2000 	C:\Windows\System32\IMM32.DLL
0x00007ff8bb050000 - 0x00007ff8bb05c000 	C:\Program Files\Java\jdk-17.0.4.1\bin\vcruntime140_1.dll
0x00007ff8a8130000 - 0x00007ff8a81bd000 	C:\Program Files\Java\jdk-17.0.4.1\bin\msvcp140.dll
0x00007ff879c20000 - 0x00007ff87a7e2000 	C:\Program Files\Java\jdk-17.0.4.1\bin\server\jvm.dll
0x00007ff8c2db0000 - 0x00007ff8c2db8000 	C:\Windows\System32\PSAPI.DLL
0x00007ff8957f0000 - 0x00007ff8957f9000 	C:\Windows\SYSTEM32\WSOCK32.dll
0x00007ff8b4960000 - 0x00007ff8b4987000 	C:\Windows\SYSTEM32\WINMM.dll
0x00007ff8c3720000 - 0x00007ff8c378b000 	C:\Windows\System32\WS2_32.dll
0x00007ff8bfa50000 - 0x00007ff8bfa62000 	C:\Windows\SYSTEM32\kernel.appcore.dll
0x00007ff8baf30000 - 0x00007ff8baf3a000 	C:\Program Files\Java\jdk-17.0.4.1\bin\jimage.dll
0x00007ff8ba780000 - 0x00007ff8ba964000 	C:\Windows\SYSTEM32\DBGHELP.DLL
0x00007ff8ba630000 - 0x00007ff8ba665000 	C:\Windows\SYSTEM32\dbgcore.DLL
0x00007ff8c18b0000 - 0x00007ff8c1932000 	C:\Windows\System32\bcryptPrimitives.dll
0x00007ff8b4b30000 - 0x00007ff8b4b55000 	C:\Program Files\Java\jdk-17.0.4.1\bin\java.dll
0x00007ff88cc70000 - 0x00007ff88cd46000 	C:\Program Files\Java\jdk-17.0.4.1\bin\jsvml.dll
0x00007ff8c1d00000 - 0x00007ff8c2444000 	C:\Windows\System32\SHELL32.dll
0x00007ff8bf1f0000 - 0x00007ff8bf982000 	C:\Windows\SYSTEM32\windows.storage.dll
0x00007ff8c2ef0000 - 0x00007ff8c3245000 	C:\Windows\System32\combase.dll
0x00007ff8c0b80000 - 0x00007ff8c0bb0000 	C:\Windows\SYSTEM32\Wldp.dll
0x00007ff8c3250000 - 0x00007ff8c32fd000 	C:\Windows\System32\SHCORE.dll
0x00007ff8c3a70000 - 0x00007ff8c3ac5000 	C:\Windows\System32\shlwapi.dll
0x00007ff8c1140000 - 0x00007ff8c115f000 	C:\Windows\SYSTEM32\profapi.dll
0x00007ff8b0d80000 - 0x00007ff8b0d99000 	C:\Program Files\Java\jdk-17.0.4.1\bin\net.dll
0x00007ff8b9fc0000 - 0x00007ff8ba0cc000 	C:\Windows\SYSTEM32\WINHTTP.dll
0x00007ff8c08e0000 - 0x00007ff8c094a000 	C:\Windows\system32\mswsock.dll
0x00007ff8ab000000 - 0x00007ff8ab016000 	C:\Program Files\Java\jdk-17.0.4.1\bin\nio.dll
0x00007ff8a9370000 - 0x00007ff8a9388000 	C:\Program Files\Java\jdk-17.0.4.1\bin\zip.dll
0x00007ff8baf20000 - 0x00007ff8baf30000 	C:\Program Files\Java\jdk-17.0.4.1\bin\verify.dll
0x00007ff8b9370000 - 0x00007ff8b9379000 	C:\Program Files\Java\jdk-17.0.4.1\bin\management.dll
0x00007ff8b9290000 - 0x00007ff8b929b000 	C:\Program Files\Java\jdk-17.0.4.1\bin\management_ext.dll
0x00007ff8bc550000 - 0x00007ff8bc567000 	C:\Windows\system32\napinsp.dll
0x00007ff8bbb00000 - 0x00007ff8bbb1b000 	C:\Windows\system32\pnrpnsp.dll
0x00007ff8a2990000 - 0x00007ff8a29a5000 	C:\Windows\system32\wshbth.dll
0x00007ff8bba70000 - 0x00007ff8bba8d000 	C:\Windows\system32\NLAapi.dll
0x00007ff8c05d0000 - 0x00007ff8c060b000 	C:\Windows\SYSTEM32\IPHLPAPI.DLL
0x00007ff8c0610000 - 0x00007ff8c06da000 	C:\Windows\SYSTEM32\DNSAPI.dll
0x00007ff8c2aa0000 - 0x00007ff8c2aa8000 	C:\Windows\System32\NSI.dll
0x00007ff8bbae0000 - 0x00007ff8bbaf2000 	C:\Windows\System32\winrnr.dll
0x00007ff8b8880000 - 0x00007ff8b888a000 	C:\Windows\System32\rasadhlp.dll
0x00007ff8b88a0000 - 0x00007ff8b8920000 	C:\Windows\System32\fwpuclnt.dll
0x00007ff8c1880000 - 0x00007ff8c18a7000 	C:\Windows\System32\bcrypt.dll

dbghelp: loaded successfully - version: 4.0.5 - missing functions: none
symbol engine: initialized successfully - sym options: 0x614 - pdb path: .;C:\Program Files\Java\jdk-17.0.4.1\bin;C:\Windows\SYSTEM32;C:\Windows\WinSxS\amd64_microsoft.windows.common-controls_6595b64144ccf1df_6.0.19041.1110_none_60b5254171f9507e;C:\Program Files\Java\jdk-17.0.4.1\bin\server

VM Arguments:
jvm_args: -XX:+ShowCodeDetailsInExceptionMessages 
java_command: com.pw12022.fourinfo.FourinfoApplication
java_class_path (initial): D:\Pb\MB\Educacao\IFG\202202_PW1\20221111\fourinfo\backend\target\classes;C:\Users\PauloPacheco\.m2\repository\org\springframework\boot\spring-boot-starter-web\2.7.5\spring-boot-starter-web-2.7.5.jar;C:\Users\PauloPacheco\.m2\repository\org\springframework\boot\spring-boot-starter\2.7.5\spring-boot-starter-2.7.5.jar;C:\Users\PauloPacheco\.m2\repository\org\springframework\boot\spring-boot\2.7.5\spring-boot-2.7.5.jar;C:\Users\PauloPacheco\.m2\repository\org\springframework\boot\spring-boot-autoconfigure\2.7.5\spring-boot-autoconfigure-2.7.5.jar;C:\Users\PauloPacheco\.m2\repository\org\springframework\boot\spring-boot-starter-logging\2.7.5\spring-boot-starter-logging-2.7.5.jar;C:\Users\PauloPacheco\.m2\repository\ch\qos\logback\logback-classic\1.2.11\logback-classic-1.2.11.jar;C:\Users\PauloPacheco\.m2\repository\ch\qos\logback\logback-core\1.2.11\logback-core-1.2.11.jar;C:\Users\PauloPacheco\.m2\repository\org\apache\logging\log4j\log4j-to-slf4j\2.17.2\log4j-to-slf4j-2.17.2.jar;C:\Users\PauloPacheco\.m2\repository\org\apache\logging\log4j\log4j-api\2.17.2\log4j-api-2.17.2.jar;C:\Users\PauloPacheco\.m2\repository\org\slf4j\jul-to-slf4j\1.7.36\jul-to-slf4j-1.7.36.jar;C:\Users\PauloPacheco\.m2\repository\jakarta\annotation\jakarta.annotation-api\1.3.5\jakarta.annotation-api-1.3.5.jar;C:\Users\PauloPacheco\.m2\repository\org\yaml\snakeyaml\1.30\snakeyaml-1.30.jar;C:\Users\PauloPacheco\.m2\repository\org\springframework\boot\spring-boot-starter-json\2.7.5\spring-boot-starter-json-2.7.5.jar;C:\Users\PauloPacheco\.m2\repository\com\fasterxml\jackson\core\jackson-databind\2.13.4.2\jackson-databind-2.13.4.2.jar;C:\Users\PauloPacheco\.m2\repository\com\fasterxml\jackson\core\jackson-annotations\2.13.4\jackson-annotations-2.13.4.jar;C:\Users\PauloPacheco\.m2\repository\com\fasterxml\jackson\core\jackson-core\2.13.4\jackson-core-2.13.4.jar;C:\Users\PauloPacheco\.m2\repository\com\fasterxml\jackson\datatype\jackson-datatype-jdk8\2.13.4\jackson-datatyp
Launcher Type: SUN_STANDARD

[Global flags]
     intx CICompilerCount                          = 4                                         {product} {ergonomic}
     uint ConcGCThreads                            = 2                                         {product} {ergonomic}
     uint G1ConcRefinementThreads                  = 8                                         {product} {ergonomic}
   size_t G1HeapRegionSize                         = 1048576                                   {product} {ergonomic}
    uintx GCDrainStackTargetSize                   = 64                                        {product} {ergonomic}
   size_t InitialHeapSize                          = 134217728                                 {product} {ergonomic}
   size_t MarkStackSize                            = 4194304                                   {product} {ergonomic}
   size_t MaxHeapSize                              = 2134900736                                {product} {ergonomic}
   size_t MaxNewSize                               = 1280311296                                {product} {ergonomic}
   size_t MinHeapDeltaBytes                        = 1048576                                   {product} {ergonomic}
   size_t MinHeapSize                              = 8388608                                   {product} {ergonomic}
    uintx NonNMethodCodeHeapSize                   = 5839372                                {pd product} {ergonomic}
    uintx NonProfiledCodeHeapSize                  = 122909434                              {pd product} {ergonomic}
    uintx ProfiledCodeHeapSize                     = 122909434                              {pd product} {ergonomic}
    uintx ReservedCodeCacheSize                    = 251658240                              {pd product} {ergonomic}
     bool SegmentedCodeCache                       = true                                      {product} {ergonomic}
     bool ShowCodeDetailsInExceptionMessages       = true                                   {manageable} {command line}
   size_t SoftMaxHeapSize                          = 2134900736                             {manageable} {ergonomic}
     bool UseCompressedClassPointers               = true                           {product lp64_product} {ergonomic}
     bool UseCompressedOops                        = true                           {product lp64_product} {ergonomic}
     bool UseG1GC                                  = true                                      {product} {ergonomic}
     bool UseLargePagesIndividualAllocation        = false                                  {pd product} {ergonomic}

Logging:
Log output configuration:
 #0: stdout all=warning uptime,level,tags
 #1: stderr all=off uptime,level,tags

Environment Variables:
JAVA_HOME=C:\Program Files\Java\jdk-17.0.4.1
PATH=C:\Program Files\Common Files\Oracle\Java\javapath;C:\Program Files (x86)\Common Files\Oracle\Java\javapath;C:\Windows\system32;C:\Windows;C:\Windows\System32\Wbem;C:\Windows\System32\WindowsPowerShell\v1.0\;C:\Windows\System32\OpenSSH\;C:\Program Files (x86)\ATI Technologies\ATI.ACE\Core-Static;C:\Program Files (x86)\Common Files\Acronis\VirtualFile\;C:\Program Files (x86)\Common Files\Acronis\VirtualFile64\;C:\Program Files (x86)\Common Files\Acronis\FileProtector\;C:\Program Files (x86)\Common Files\Acronis\FileProtector64\;C:\Program Files (x86)\Common Files\Acronis\SnapAPI\;C:\Program Files\dotnet\;C:\Program Files\Java\jdk-17.0.4.1\bin;C:\Program Files\Git\cmd;C:\Program Files\Microsoft VS Code\bin;C:\Users\PauloPacheco\AppData\Local\Microsoft\WindowsApps;C:\Program Files\JetBrains\PhpStorm 2022.2.2\bin;;C:\Users\PauloPacheco\AppData\Local\JetBrains\Toolbox\scripts;C:\Users\PauloPacheco\AppData\Local\GitHubDesktop\bin
USERNAME=PauloPacheco
LANG=pt_BR.UTF-8
OS=Windows_NT
PROCESSOR_IDENTIFIER=Intel64 Family 6 Model 42 Stepping 7, GenuineIntel



---------------  S Y S T E M  ---------------

OS:
 Windows 10 , 64 bit Build 19041 (10.0.19041.2364)
OS uptime: 0 days 16:36 hours

CPU: total 8 (initial active 8) (4 cores per cpu, 2 threads per core) family 6 model 42 stepping 7 microcode 0x2f, cx8, cmov, fxsr, ht, mmx, sse, sse2, sse3, ssse3, sse4.1, sse4.2, popcnt, tsc, tscinvbit, avx, aes, clmul, vzeroupper, clflush

Memory: 4k page, system-wide physical 8139M (3420M free)
TotalPageFile size 9419M (AvailPageFile size 3104M)
current process WorkingSet (physical memory assigned to process): 127M, peak: 127M
current process commit charge ("private bytes"): 261M, peak: 261M

vm_info: Java HotSpot(TM) 64-Bit Server VM (17.0.4.1+1-LTS-2) for windows-amd64 JRE (17.0.4.1+1-LTS-2), built on Aug 16 2022 18:32:06 by "mach5one" with MS VC++ 16.8 / 16.9 (VS2019)

END.
