#
# A fatal error has been detected by the Java Runtime Environment:
#
#  EXCEPTION_ACCESS_VIOLATION (0xc0000005) at pc=0x00007ff879f853e0, pid=12076, tid=6188
#
# JRE version: Java(TM) SE Runtime Environment (17.0.4.1+1) (build 17.0.4.1+1-LTS-2)
# Java VM: Java HotSpot(TM) 64-Bit Server VM (17.0.4.1+1-LTS-2, mixed mode, sharing, tiered, compressed oops, compressed class ptrs, g1 gc, windows-amd64)
# Problematic frame:
# V  [jvm.dll+0x3653e0]
#
# No core dump will be written. Minidumps are not enabled by default on client versions of Windows
#
# If you would like to submit a bug report, please visit:
#   https://bugreport.java.com/bugreport/crash.jsp
#

---------------  S U M M A R Y ------------

Command Line: -XX:+ShowCodeDetailsInExceptionMessages com.pw12022.fourinfo.FourinfoApplication

Host: Intel(R) Core(TM) i7-2630QM CPU @ 2.00GHz, 8 cores, 7G,  Windows 10 , 64 bit Build 19041 (10.0.19041.2364)
Time: Wed Dec 14 16:19:06 2022 Hora oficial do Brasil elapsed time: 15.346230 seconds (0d 0h 0m 15s)

---------------  T H R E A D  ---------------

Current thread (0x0000022122d60c00):  JavaThread "C2 CompilerThread1" daemon [_thread_in_native, id=6188, stack(0x0000007b07000000,0x0000007b07100000)]


Current CompileTask:
C2:  15346 4360       4       org.springframework.core.annotation.AnnotationsScanner::scan (18 bytes)

Stack: [0x0000007b07000000,0x0000007b07100000],  sp=0x0000007b070fb7a0,  free space=1005k
Native frames: (J=compiled Java code, j=interpreted, Vv=VM code, C=native code)
V  [jvm.dll+0x3653e0]
V  [jvm.dll+0x35e698]
V  [jvm.dll+0x1ba10e]
V  [jvm.dll+0x2162f9]
V  [jvm.dll+0x2155c1]
V  [jvm.dll+0x1a1fcd]
V  [jvm.dll+0x224e08]
V  [jvm.dll+0x222f75]
V  [jvm.dll+0x787a0b]
V  [jvm.dll+0x781fca]
V  [jvm.dll+0x671245]
C  [ucrtbase.dll+0x21bb2]
C  [KERNEL32.DLL+0x17614]
C  [ntdll.dll+0x526a1]


siginfo: EXCEPTION_ACCESS_VIOLATION (0xc0000005), reading address 0x00007ff87e70c4f8


Register to memory mapping:

RIP=0x00007ff879f853e0 jvm.dll
RAX=0x0 is NULL
RBX=0x0000007b070fb7f0 is pointing into the stack for thread: 0x0000022122d60c00
RCX=0x0 is NULL
RDX=0x00007ff87e70c4f8 is an unknown value
RSP=0x0000007b070fb7a0 is pointing into the stack for thread: 0x0000022122d60c00
RBP=0x0000007b070fb910 is pointing into the stack for thread: 0x0000022122d60c00
RSI=0x00007ff87a70c4f8 jvm.dll
RDI=0x000000000000001e is an unknown value
R8 =0x0000000000001680 is an unknown value
R9 =0x0000000000000004 is an unknown value
R10=0x0000000000000003 is an unknown value
R11=0x00000221226a9a20 points into unknown readable memory: 0x0000000000000000 | 00 00 00 00 00 00 00 00
R12=0x0000000000000001 is an unknown value
R13=0x0 is NULL
R14=0x00000000000016ae is an unknown value
R15=0x00000000000016ae is an unknown value


Registers:
RAX=0x0000000000000000, RBX=0x0000007b070fb7f0, RCX=0x0000000000000000, RDX=0x00007ff87e70c4f8
RSP=0x0000007b070fb7a0, RBP=0x0000007b070fb910, RSI=0x00007ff87a70c4f8, RDI=0x000000000000001e
R8 =0x0000000000001680, R9 =0x0000000000000004, R10=0x0000000000000003, R11=0x00000221226a9a20
R12=0x0000000000000001, R13=0x0000000000000000, R14=0x00000000000016ae, R15=0x00000000000016ae
RIP=0x00007ff879f853e0, EFLAGS=0x0000000000010246

Top of Stack: (sp=0x0000007b070fb7a0)
0x0000007b070fb7a0:   00000000000039e2 00007ff879f85534
0x0000007b070fb7b0:   00000221233594f0 0000022126718c00
0x0000007b070fb7c0:   0000000000000056 00007ff879f7e698
0x0000007b070fb7d0:   0000000000000002 0000000000000017
0x0000007b070fb7e0:   00000000000039e3 00000000000039e3
0x0000007b070fb7f0:   0000000000000000 00000003000016b1
0x0000007b070fb800:   0000002c00000017 00007ff87e70c4f8
0x0000007b070fb810:   00000221269769f0 0000022123cf7d10
0x0000007b070fb820:   0000022122be1440 00000000000003d8
0x0000007b070fb830:   0000022122be1430 0000022120fa0c50
0x0000007b070fb840:   0000007b070fb950 00007ff879dda10e
0x0000007b070fb850:   0000007b070fbcb0 0000007b070fbd90
0x0000007b070fb860:   0000000000000000 0000022122be1430
0x0000007b070fb870:   0000000000000000 0000007b070fb930
0x0000007b070fb880:   0000000000000006 0000022122be1430
0x0000007b070fb890:   000002212244e570 0000022122454520 

Instructions: (pc=0x00007ff879f853e0)
0x00007ff879f852e0:   48 8b a8 80 00 00 00 48 8b 8d d0 08 00 00 48 85
0x00007ff879f852f0:   c9 75 0c e8 e8 0b 00 00 48 8b 8d d0 08 00 00 48
0x00007ff879f85300:   8b 01 0f 57 c0 48 89 85 d0 08 00 00 0f 11 01 0f
0x00007ff879f85310:   11 41 10 41 0f 10 06 0f 11 01 41 0f 10 4e 10 0f
0x00007ff879f85320:   11 49 10 48 8b 43 08 48 89 0c 06 ff c7 ba 50 00
0x00007ff879f85330:   00 00 3b bb 90 00 00 00 0f 82 62 ff ff ff 4c 8b
0x00007ff879f85340:   74 24 60 4c 8b 6c 24 58 4c 8b 64 24 50 48 8b c3
0x00007ff879f85350:   48 83 c4 20 41 5f 5f 5e 5d 5b c3 cc cc cc cc cc
0x00007ff879f85360:   40 53 48 83 ec 20 8b 51 0c 48 8b d9 83 fa 04 73
0x00007ff879f85370:   2a 4c 8b 59 18 66 66 66 0f 1f 84 00 00 00 00 00
0x00007ff879f85380:   44 8b d2 44 8d 4a 01 4b 83 3c d3 00 0f 85 8f 00
0x00007ff879f85390:   00 00 41 8b d1 41 83 f9 04 72 e5 48 89 74 24 30
0x00007ff879f853a0:   48 89 7c 24 38 8b 79 10 3b 79 14 73 62 48 8d 35
0x00007ff879f853b0:   44 71 78 00 0f 1f 40 00 0f 1f 84 00 00 00 00 00
0x00007ff879f853c0:   48 8b 43 20 8b cf 48 8b 14 c8 48 3b d6 74 39 33
0x00007ff879f853d0:   c0 48 89 53 18 33 c9 66 0f 1f 84 00 00 00 00 00
0x00007ff879f853e0:   48 83 3c 11 00 44 8d 48 01 75 6f 48 83 c1 08 41
0x00007ff879f853f0:   8b c1 41 83 f9 04 72 e8 48 8b 4b 28 48 85 c9 74
0x00007ff879f85400:   07 8b d7 e8 58 01 00 00 ff c7 3b 7b 14 72 b1 48
0x00007ff879f85410:   8b 74 24 30 33 c0 48 8b 7c 24 38 48 83 c4 20 5b
0x00007ff879f85420:   c3 8b 41 10 44 8d 04 82 41 c1 e0 06 41 81 c0 00
0x00007ff879f85430:   ff ff ff 44 89 41 08 4b 8b 14 d3 48 0f bc c2 44
0x00007ff879f85440:   89 49 0c 8b c8 48 d3 ea 48 ff ca 41 03 c0 48 89
0x00007ff879f85450:   13 89 43 08 48 83 c4 20 5b c3 48 8b 74 24 30 44
0x00007ff879f85460:   8d 04 b8 8b c8 8d 47 01 48 8b 7c 24 38 41 c1 e0
0x00007ff879f85470:   06 44 89 43 08 48 8b 14 ca 89 43 10 48 0f bc c2
0x00007ff879f85480:   44 89 4b 0c 8b c8 48 d3 ea 48 ff ca 41 03 c0 48
0x00007ff879f85490:   89 13 89 43 08 48 83 c4 20 5b c3 cc cc cc cc cc
0x00007ff879f854a0:   40 53 48 83 ec 20 65 48 8b 04 25 58 00 00 00 8b
0x00007ff879f854b0:   0d 43 56 7c 00 48 8b 1c c8 b8 50 00 00 00 80 3c
0x00007ff879f854c0:   18 00 75 05 e8 03 86 4c 00 b8 20 00 00 00 48 8b
0x00007ff879f854d0:   04 18 48 8b 88 d0 04 00 00 48 8b 99 80 00 00 00 


Stack slot to memory mapping:
stack at sp + 0 slots: 0x00000000000039e2 is an unknown value
stack at sp + 1 slots: 0x00007ff879f85534 jvm.dll
stack at sp + 2 slots: 0x00000221233594f0 points into unknown readable memory: 0x0000000000000006 | 06 00 00 00 00 00 00 00
stack at sp + 3 slots: 0x0000022126718c00 points into unknown readable memory: 0x00007ff87a70c4f8 | f8 c4 70 7a f8 7f 00 00
stack at sp + 4 slots: 0x0000000000000056 is an unknown value
stack at sp + 5 slots: 0x00007ff879f7e698 jvm.dll
stack at sp + 6 slots: 0x0000000000000002 is an unknown value
stack at sp + 7 slots: 0x0000000000000017 is an unknown value


---------------  P R O C E S S  ---------------

Threads class SMR info:
_java_thread_list=0x0000022124cf36e0, length=18, elements={
0x0000022100fe3cf0, 0x00000221210e6ab0, 0x00000221210e7920, 0x00000221210f9060,
0x00000221210fca30, 0x00000221210fd3e0, 0x00000221210fdd90, 0x0000022121103030,
0x000002212110bae0, 0x000002212110e4e0, 0x0000022121cc5e70, 0x0000022121cd3c80,
0x0000022121f3cfa0, 0x0000022121c2fa60, 0x00000221232bc050, 0x00000221268a6920,
0x0000022122d60c00, 0x0000022122d61620
}

Java Threads: ( => current thread )
  0x0000022100fe3cf0 JavaThread "main" [_thread_in_vm, id=9588, stack(0x0000007b05600000,0x0000007b05700000)]
  0x00000221210e6ab0 JavaThread "Reference Handler" daemon [_thread_blocked, id=11664, stack(0x0000007b05d00000,0x0000007b05e00000)]
  0x00000221210e7920 JavaThread "Finalizer" daemon [_thread_blocked, id=932, stack(0x0000007b05e00000,0x0000007b05f00000)]
  0x00000221210f9060 JavaThread "Signal Dispatcher" daemon [_thread_blocked, id=10368, stack(0x0000007b05f00000,0x0000007b06000000)]
  0x00000221210fca30 JavaThread "Attach Listener" daemon [_thread_blocked, id=1352, stack(0x0000007b06000000,0x0000007b06100000)]
  0x00000221210fd3e0 JavaThread "Service Thread" daemon [_thread_blocked, id=9032, stack(0x0000007b06100000,0x0000007b06200000)]
  0x00000221210fdd90 JavaThread "Monitor Deflation Thread" daemon [_thread_blocked, id=12768, stack(0x0000007b06200000,0x0000007b06300000)]
  0x0000022121103030 JavaThread "C2 CompilerThread0" daemon [_thread_in_native, id=6780, stack(0x0000007b06300000,0x0000007b06400000)]
  0x000002212110bae0 JavaThread "C1 CompilerThread0" daemon [_thread_blocked, id=12628, stack(0x0000007b06400000,0x0000007b06500000)]
  0x000002212110e4e0 JavaThread "Sweeper thread" daemon [_thread_blocked, id=8212, stack(0x0000007b06500000,0x0000007b06600000)]
  0x0000022121cc5e70 JavaThread "Notification Thread" daemon [_thread_blocked, id=8324, stack(0x0000007b06600000,0x0000007b06700000)]
  0x0000022121cd3c80 JavaThread "Common-Cleaner" daemon [_thread_blocked, id=148, stack(0x0000007b06800000,0x0000007b06900000)]
  0x0000022121f3cfa0 JavaThread "HikariPool-1 housekeeper" daemon [_thread_blocked, id=12976, stack(0x0000007b07300000,0x0000007b07400000)]
  0x0000022121c2fa60 JavaThread "Catalina-utility-1" [_thread_blocked, id=7992, stack(0x0000007b07600000,0x0000007b07700000)]
  0x00000221232bc050 JavaThread "Catalina-utility-2" [_thread_blocked, id=9324, stack(0x0000007b07700000,0x0000007b07800000)]
  0x00000221268a6920 JavaThread "container-0" [_thread_blocked, id=388, stack(0x0000007b07800000,0x0000007b07900000)]
=>0x0000022122d60c00 JavaThread "C2 CompilerThread1" daemon [_thread_in_native, id=6188, stack(0x0000007b07000000,0x0000007b07100000)]
  0x0000022122d61620 JavaThread "C2 CompilerThread2" daemon [_thread_in_native, id=10712, stack(0x0000007b07400000,0x0000007b07500000)]

Other Threads:
  0x00000221210e15f0 VMThread "VM Thread" [stack: 0x0000007b05c00000,0x0000007b05d00000] [id=5048]
  0x0000022101071250 WatcherThread [stack: 0x0000007b06700000,0x0000007b06800000] [id=7836]
  0x000002210104ab30 GCTaskThread "GC Thread#0" [stack: 0x0000007b05700000,0x0000007b05800000] [id=8644]
  0x0000022122a38af0 GCTaskThread "GC Thread#1" [stack: 0x0000007b06900000,0x0000007b06a00000] [id=10616]
  0x0000022122a38da0 GCTaskThread "GC Thread#2" [stack: 0x0000007b06a00000,0x0000007b06b00000] [id=1712]
  0x0000022122638df0 GCTaskThread "GC Thread#3" [stack: 0x0000007b06b00000,0x0000007b06c00000] [id=1648]
  0x000002212285c670 GCTaskThread "GC Thread#4" [stack: 0x0000007b06c00000,0x0000007b06d00000] [id=7800]
  0x000002212289aec0 GCTaskThread "GC Thread#5" [stack: 0x0000007b06d00000,0x0000007b06e00000] [id=12172]
  0x000002212289b170 GCTaskThread "GC Thread#6" [stack: 0x0000007b06e00000,0x0000007b06f00000] [id=5668]
  0x0000022122cc6440 GCTaskThread "GC Thread#7" [stack: 0x0000007b07200000,0x0000007b07300000] [id=12184]
  0x000002210105b8f0 ConcurrentGCThread "G1 Main Marker" [stack: 0x0000007b05800000,0x0000007b05900000] [id=10772]
  0x000002210105caa0 ConcurrentGCThread "G1 Conc#0" [stack: 0x0000007b05900000,0x0000007b05a00000] [id=5396]
  0x00000221254bed50 ConcurrentGCThread "G1 Conc#1" [stack: 0x0000007b07100000,0x0000007b07200000] [id=2280]
  0x00000221010b4120 ConcurrentGCThread "G1 Refine#0" [stack: 0x0000007b05a00000,0x0000007b05b00000] [id=10096]
  0x0000022121fdb110 ConcurrentGCThread "G1 Refine#1" [stack: 0x0000007b06f00000,0x0000007b07000000] [id=10332]
  0x00000221010b4b40 ConcurrentGCThread "G1 Service" [stack: 0x0000007b05b00000,0x0000007b05c00000] [id=13028]

Threads with active compile tasks:
C2 CompilerThread0    15583 4456       4       org.springframework.core.annotation.TypeMappedAnnotations$MergedAnnotationFinder::doWithAnnotations (10 bytes)
C2 CompilerThread1    15583 4360       4       org.springframework.core.annotation.AnnotationsScanner::scan (18 bytes)
C2 CompilerThread2    15583 4361       4       org.springframework.core.annotation.AnnotationsScanner::process (43 bytes)

VM state: not at safepoint (normal execution)

VM Mutex/Monitor currently owned by a thread: None

Heap address: 0x0000000080c00000, size: 2036 MB, Compressed Oops mode: 32-bit

CDS archive(s) mapped at: [0x0000000800000000-0x0000000800bc0000-0x0000000800bc0000), size 12320768, SharedBaseAddress: 0x0000000800000000, ArchiveRelocationMode: 0.
Compressed class space mapped at: 0x0000000800c00000-0x0000000840c00000, reserved size: 1073741824
Narrow klass base: 0x0000000800000000, Narrow klass shift: 0, Narrow klass range: 0x100000000

GC Precious Log:
 CPUs: 8 total, 8 available
 Memory: 8139M
 Large Page Support: Disabled
 NUMA Support: Disabled
 Compressed Oops: Enabled (32-bit)
 Heap Region Size: 1M
 Heap Min Capacity: 8M
 Heap Initial Capacity: 128M
 Heap Max Capacity: 2036M
 Pre-touch: Disabled
 Parallel Workers: 8
 Concurrent Workers: 2
 Concurrent Refinement Workers: 8
 Periodic GC: Disabled

Heap:
 garbage-first heap   total 96256K, used 63793K [0x0000000080c00000, 0x0000000100000000)
  region size 1024K, 45 young (46080K), 1 survivors (1024K)
 Metaspace       used 52991K, committed 53312K, reserved 1097728K
  class space    used 7313K, committed 7488K, reserved 1048576K

Heap Regions: E=young(eden), S=young(survivor), O=old, HS=humongous(starts), HC=humongous(continues), CS=collection set, F=free, OA=open archive, CA=closed archive, TAMS=top-at-mark-start (previous, next)
|   0|0x0000000080c00000, 0x0000000080d00000, 0x0000000080d00000|100%|HS|  |TAMS 0x0000000080d00000, 0x0000000080c00000| Complete 
|   1|0x0000000080d00000, 0x0000000080e00000, 0x0000000080e00000|100%| O|  |TAMS 0x0000000080e00000, 0x0000000080d00000| Untracked 
|   2|0x0000000080e00000, 0x0000000080f00000, 0x0000000080f00000|100%| O|  |TAMS 0x0000000080f00000, 0x0000000080e00000| Untracked 
|   3|0x0000000080f00000, 0x0000000081000000, 0x0000000081000000|100%| O|  |TAMS 0x0000000081000000, 0x0000000080f00000| Untracked 
|   4|0x0000000081000000, 0x0000000081100000, 0x0000000081100000|100%| O|  |TAMS 0x0000000081100000, 0x0000000081000000| Untracked 
|   5|0x0000000081100000, 0x0000000081200000, 0x0000000081200000|100%| O|  |TAMS 0x0000000081200000, 0x0000000081100000| Untracked 
|   6|0x0000000081200000, 0x0000000081300000, 0x0000000081300000|100%| O|  |TAMS 0x0000000081300000, 0x0000000081200000| Untracked 
|   7|0x0000000081300000, 0x0000000081400000, 0x0000000081400000|100%| O|  |TAMS 0x0000000081400000, 0x0000000081300000| Untracked 
|   8|0x0000000081400000, 0x0000000081500000, 0x0000000081500000|100%| O|  |TAMS 0x0000000081500000, 0x0000000081400000| Untracked 
|   9|0x0000000081500000, 0x0000000081600000, 0x0000000081600000|100%| O|  |TAMS 0x0000000081600000, 0x0000000081500000| Untracked 
|  10|0x0000000081600000, 0x0000000081700000, 0x0000000081700000|100%| O|  |TAMS 0x0000000081700000, 0x0000000081600000| Untracked 
|  11|0x0000000081700000, 0x0000000081800000, 0x0000000081800000|100%| O|  |TAMS 0x0000000081800000, 0x0000000081700000| Untracked 
|  12|0x0000000081800000, 0x0000000081900000, 0x0000000081900000|100%| O|  |TAMS 0x0000000081900000, 0x0000000081800000| Untracked 
|  13|0x0000000081900000, 0x0000000081a00000, 0x0000000081a00000|100%| O|  |TAMS 0x0000000081a00000, 0x0000000081900000| Untracked 
|  14|0x0000000081a00000, 0x0000000081a00000, 0x0000000081b00000|  0%| F|  |TAMS 0x0000000081a00000, 0x0000000081a00000| Untracked 
|  15|0x0000000081b00000, 0x0000000081c00000, 0x0000000081c00000|100%| O|  |TAMS 0x0000000081bb3c00, 0x0000000081b00000| Untracked 
|  16|0x0000000081c00000, 0x0000000081d00000, 0x0000000081d00000|100%| O|  |TAMS 0x0000000081c00000, 0x0000000081c00000| Untracked 
|  17|0x0000000081d00000, 0x0000000081e00000, 0x0000000081e00000|100%| O|  |TAMS 0x0000000081d00000, 0x0000000081d00000| Untracked 
|  18|0x0000000081e00000, 0x0000000081f00000, 0x0000000081f00000|100%| O|  |TAMS 0x0000000081e00000, 0x0000000081e00000| Untracked 
|  19|0x0000000081f00000, 0x0000000081f79600, 0x0000000082000000| 47%| O|  |TAMS 0x0000000081f00000, 0x0000000081f00000| Untracked 
|  20|0x0000000082000000, 0x0000000082000000, 0x0000000082100000|  0%| F|  |TAMS 0x0000000082000000, 0x0000000082000000| Untracked 
|  21|0x0000000082100000, 0x0000000082100000, 0x0000000082200000|  0%| F|  |TAMS 0x0000000082100000, 0x0000000082100000| Untracked 
|  22|0x0000000082200000, 0x0000000082200000, 0x0000000082300000|  0%| F|  |TAMS 0x0000000082200000, 0x0000000082200000| Untracked 
|  23|0x0000000082300000, 0x0000000082300000, 0x0000000082400000|  0%| F|  |TAMS 0x0000000082300000, 0x0000000082300000| Untracked 
|  24|0x0000000082400000, 0x0000000082400000, 0x0000000082500000|  0%| F|  |TAMS 0x0000000082400000, 0x0000000082400000| Untracked 
|  25|0x0000000082500000, 0x0000000082500000, 0x0000000082600000|  0%| F|  |TAMS 0x0000000082500000, 0x0000000082500000| Untracked 
|  26|0x0000000082600000, 0x0000000082600000, 0x0000000082700000|  0%| F|  |TAMS 0x0000000082600000, 0x0000000082600000| Untracked 
|  27|0x0000000082700000, 0x0000000082700000, 0x0000000082800000|  0%| F|  |TAMS 0x0000000082700000, 0x0000000082700000| Untracked 
|  28|0x0000000082800000, 0x00000000828d2f10, 0x0000000082900000| 82%| S|CS|TAMS 0x0000000082800000, 0x0000000082800000| Complete 
|  29|0x0000000082900000, 0x0000000082900000, 0x0000000082a00000|  0%| F|  |TAMS 0x0000000082900000, 0x0000000082900000| Untracked 
|  30|0x0000000082a00000, 0x0000000082a00000, 0x0000000082b00000|  0%| F|  |TAMS 0x0000000082a00000, 0x0000000082a00000| Untracked 
|  31|0x0000000082b00000, 0x0000000082b00000, 0x0000000082c00000|  0%| F|  |TAMS 0x0000000082b00000, 0x0000000082b00000| Untracked 
|  32|0x0000000082c00000, 0x0000000082c00000, 0x0000000082d00000|  0%| F|  |TAMS 0x0000000082c00000, 0x0000000082c00000| Untracked 
|  33|0x0000000082d00000, 0x0000000082d00000, 0x0000000082e00000|  0%| F|  |TAMS 0x0000000082d00000, 0x0000000082d00000| Untracked 
|  34|0x0000000082e00000, 0x0000000082e00000, 0x0000000082f00000|  0%| F|  |TAMS 0x0000000082e00000, 0x0000000082e00000| Untracked 
|  35|0x0000000082f00000, 0x0000000082f00000, 0x0000000083000000|  0%| F|  |TAMS 0x0000000082f00000, 0x0000000082f00000| Untracked 
|  36|0x0000000083000000, 0x0000000083000000, 0x0000000083100000|  0%| F|  |TAMS 0x0000000083000000, 0x0000000083000000| Untracked 
|  37|0x0000000083100000, 0x0000000083100000, 0x0000000083200000|  0%| F|  |TAMS 0x0000000083100000, 0x0000000083100000| Untracked 
|  38|0x0000000083200000, 0x0000000083200000, 0x0000000083300000|  0%| F|  |TAMS 0x0000000083200000, 0x0000000083200000| Untracked 
|  39|0x0000000083300000, 0x0000000083300000, 0x0000000083400000|  0%| F|  |TAMS 0x0000000083300000, 0x0000000083300000| Untracked 
|  40|0x0000000083400000, 0x0000000083400000, 0x0000000083500000|  0%| F|  |TAMS 0x0000000083400000, 0x0000000083400000| Untracked 
|  41|0x0000000083500000, 0x0000000083500000, 0x0000000083600000|  0%| F|  |TAMS 0x0000000083500000, 0x0000000083500000| Untracked 
|  42|0x0000000083600000, 0x0000000083600000, 0x0000000083700000|  0%| F|  |TAMS 0x0000000083600000, 0x0000000083600000| Untracked 
|  43|0x0000000083700000, 0x0000000083700000, 0x0000000083800000|  0%| F|  |TAMS 0x0000000083700000, 0x0000000083700000| Untracked 
|  44|0x0000000083800000, 0x0000000083800000, 0x0000000083900000|  0%| F|  |TAMS 0x0000000083800000, 0x0000000083800000| Untracked 
|  45|0x0000000083900000, 0x0000000083900000, 0x0000000083a00000|  0%| F|  |TAMS 0x0000000083900000, 0x0000000083900000| Untracked 
|  46|0x0000000083a00000, 0x0000000083a00000, 0x0000000083b00000|  0%| F|  |TAMS 0x0000000083a00000, 0x0000000083a00000| Untracked 
|  47|0x0000000083b00000, 0x0000000083b00000, 0x0000000083c00000|  0%| F|  |TAMS 0x0000000083b00000, 0x0000000083b00000| Untracked 
|  48|0x0000000083c00000, 0x0000000083c00000, 0x0000000083d00000|  0%| F|  |TAMS 0x0000000083c00000, 0x0000000083c00000| Untracked 
|  49|0x0000000083d00000, 0x0000000083d00000, 0x0000000083e00000|  0%| F|  |TAMS 0x0000000083d00000, 0x0000000083d00000| Untracked 
|  50|0x0000000083e00000, 0x0000000083f00000, 0x0000000083f00000|100%| E|  |TAMS 0x0000000083e00000, 0x0000000083e00000| Complete 
|  51|0x0000000083f00000, 0x0000000084000000, 0x0000000084000000|100%| E|CS|TAMS 0x0000000083f00000, 0x0000000083f00000| Complete 
|  52|0x0000000084000000, 0x0000000084100000, 0x0000000084100000|100%| E|CS|TAMS 0x0000000084000000, 0x0000000084000000| Complete 
|  53|0x0000000084100000, 0x0000000084200000, 0x0000000084200000|100%| E|CS|TAMS 0x0000000084100000, 0x0000000084100000| Complete 
|  54|0x0000000084200000, 0x0000000084300000, 0x0000000084300000|100%| E|CS|TAMS 0x0000000084200000, 0x0000000084200000| Complete 
|  55|0x0000000084300000, 0x0000000084400000, 0x0000000084400000|100%| E|CS|TAMS 0x0000000084300000, 0x0000000084300000| Complete 
|  56|0x0000000084400000, 0x0000000084500000, 0x0000000084500000|100%| E|CS|TAMS 0x0000000084400000, 0x0000000084400000| Complete 
|  57|0x0000000084500000, 0x0000000084600000, 0x0000000084600000|100%| E|CS|TAMS 0x0000000084500000, 0x0000000084500000| Complete 
|  58|0x0000000084600000, 0x0000000084700000, 0x0000000084700000|100%| E|CS|TAMS 0x0000000084600000, 0x0000000084600000| Complete 
|  59|0x0000000084700000, 0x0000000084800000, 0x0000000084800000|100%| E|CS|TAMS 0x0000000084700000, 0x0000000084700000| Complete 
|  60|0x0000000084800000, 0x0000000084900000, 0x0000000084900000|100%| E|CS|TAMS 0x0000000084800000, 0x0000000084800000| Complete 
|  61|0x0000000084900000, 0x0000000084a00000, 0x0000000084a00000|100%| E|CS|TAMS 0x0000000084900000, 0x0000000084900000| Complete 
|  62|0x0000000084a00000, 0x0000000084b00000, 0x0000000084b00000|100%| E|CS|TAMS 0x0000000084a00000, 0x0000000084a00000| Complete 
|  63|0x0000000084b00000, 0x0000000084c00000, 0x0000000084c00000|100%| E|CS|TAMS 0x0000000084b00000, 0x0000000084b00000| Complete 
|  64|0x0000000084c00000, 0x0000000084d00000, 0x0000000084d00000|100%| E|CS|TAMS 0x0000000084c00000, 0x0000000084c00000| Complete 
|  65|0x0000000084d00000, 0x0000000084e00000, 0x0000000084e00000|100%| E|CS|TAMS 0x0000000084d00000, 0x0000000084d00000| Complete 
|  66|0x0000000084e00000, 0x0000000084f00000, 0x0000000084f00000|100%| E|CS|TAMS 0x0000000084e00000, 0x0000000084e00000| Complete 
|  67|0x0000000084f00000, 0x0000000085000000, 0x0000000085000000|100%| E|CS|TAMS 0x0000000084f00000, 0x0000000084f00000| Complete 
|  68|0x0000000085000000, 0x0000000085100000, 0x0000000085100000|100%| E|CS|TAMS 0x0000000085000000, 0x0000000085000000| Complete 
|  69|0x0000000085100000, 0x0000000085200000, 0x0000000085200000|100%| E|CS|TAMS 0x0000000085100000, 0x0000000085100000| Complete 
|  70|0x0000000085200000, 0x0000000085300000, 0x0000000085300000|100%| E|CS|TAMS 0x0000000085200000, 0x0000000085200000| Complete 
|  71|0x0000000085300000, 0x0000000085400000, 0x0000000085400000|100%| E|CS|TAMS 0x0000000085300000, 0x0000000085300000| Complete 
|  72|0x0000000085400000, 0x0000000085500000, 0x0000000085500000|100%| E|CS|TAMS 0x0000000085400000, 0x0000000085400000| Complete 
|  73|0x0000000085500000, 0x0000000085600000, 0x0000000085600000|100%| E|CS|TAMS 0x0000000085500000, 0x0000000085500000| Complete 
|  74|0x0000000085600000, 0x0000000085700000, 0x0000000085700000|100%| E|CS|TAMS 0x0000000085600000, 0x0000000085600000| Complete 
|  75|0x0000000085700000, 0x0000000085800000, 0x0000000085800000|100%| E|CS|TAMS 0x0000000085700000, 0x0000000085700000| Complete 
|  76|0x0000000085800000, 0x0000000085900000, 0x0000000085900000|100%| E|CS|TAMS 0x0000000085800000, 0x0000000085800000| Complete 
|  77|0x0000000085900000, 0x0000000085a00000, 0x0000000085a00000|100%| E|CS|TAMS 0x0000000085900000, 0x0000000085900000| Complete 
|  78|0x0000000085a00000, 0x0000000085b00000, 0x0000000085b00000|100%| E|CS|TAMS 0x0000000085a00000, 0x0000000085a00000| Complete 
|  79|0x0000000085b00000, 0x0000000085c00000, 0x0000000085c00000|100%| E|CS|TAMS 0x0000000085b00000, 0x0000000085b00000| Complete 
|  80|0x0000000085c00000, 0x0000000085d00000, 0x0000000085d00000|100%| E|CS|TAMS 0x0000000085c00000, 0x0000000085c00000| Complete 
|  81|0x0000000085d00000, 0x0000000085e00000, 0x0000000085e00000|100%| E|CS|TAMS 0x0000000085d00000, 0x0000000085d00000| Complete 
|  82|0x0000000085e00000, 0x0000000085f00000, 0x0000000085f00000|100%| E|CS|TAMS 0x0000000085e00000, 0x0000000085e00000| Complete 
|  83|0x0000000085f00000, 0x0000000086000000, 0x0000000086000000|100%| E|CS|TAMS 0x0000000085f00000, 0x0000000085f00000| Complete 
|  84|0x0000000086000000, 0x0000000086100000, 0x0000000086100000|100%| E|CS|TAMS 0x0000000086000000, 0x0000000086000000| Complete 
|  85|0x0000000086100000, 0x0000000086200000, 0x0000000086200000|100%| E|CS|TAMS 0x0000000086100000, 0x0000000086100000| Complete 
|  86|0x0000000086200000, 0x0000000086300000, 0x0000000086300000|100%| E|CS|TAMS 0x0000000086200000, 0x0000000086200000| Complete 
|  87|0x0000000086300000, 0x0000000086400000, 0x0000000086400000|100%| E|CS|TAMS 0x0000000086300000, 0x0000000086300000| Complete 
| 115|0x0000000087f00000, 0x0000000088000000, 0x0000000088000000|100%| E|CS|TAMS 0x0000000087f00000, 0x0000000087f00000| Complete 
| 116|0x0000000088000000, 0x0000000088100000, 0x0000000088100000|100%| E|CS|TAMS 0x0000000088000000, 0x0000000088000000| Complete 
| 117|0x0000000088100000, 0x0000000088200000, 0x0000000088200000|100%| E|CS|TAMS 0x0000000088100000, 0x0000000088100000| Complete 
| 118|0x0000000088200000, 0x0000000088300000, 0x0000000088300000|100%| E|CS|TAMS 0x0000000088200000, 0x0000000088200000| Complete 
| 119|0x0000000088300000, 0x0000000088400000, 0x0000000088400000|100%| E|CS|TAMS 0x0000000088300000, 0x0000000088300000| Complete 
| 127|0x0000000088b00000, 0x0000000088c00000, 0x0000000088c00000|100%| E|CS|TAMS 0x0000000088b00000, 0x0000000088b00000| Complete 

Card table byte_map: [0x0000022119ec0000,0x000002211a2c0000] _byte_map_base: 0x0000022119aba000

Marking Bits (Prev, Next): (CMBitMap*) 0x000002210104b140, (CMBitMap*) 0x000002210104b180
 Prev Bits: [0x000002211a6c0000, 0x000002211c690000)
 Next Bits: [0x000002211c690000, 0x000002211e660000)

Polling page: 0x00000221010c0000

Metaspace:

Usage:
  Non-class:     44.64 MB used.
      Class:      7.15 MB used.
       Both:     51.79 MB used.

Virtual space:
  Non-class space:       48.00 MB reserved,      44.81 MB ( 93%) committed,  6 nodes.
      Class space:        1.00 GB reserved,       7.31 MB ( <1%) committed,  1 nodes.
             Both:        1.05 GB reserved,      52.12 MB (  5%) committed. 

Chunk freelists:
   Non-Class:  2.34 MB
       Class:  608.00 KB
        Both:  2.94 MB

MaxMetaspaceSize: unlimited
CompressedClassSpaceSize: 1.00 GB
Initial GC threshold: 21.00 MB
Current GC threshold: 58.69 MB
CDS: on
MetaspaceReclaimPolicy: balanced
 - commit_granule_bytes: 65536.
 - commit_granule_words: 8192.
 - virtual_space_node_default_size: 1048576.
 - enlarge_chunks_in_place: 1.
 - new_chunks_are_fully_committed: 0.
 - uncommit_free_chunks: 1.
 - use_allocation_guard: 0.
 - handle_deallocations: 1.


Internal statistics:

num_allocs_failed_limit: 6.
num_arena_births: 374.
num_arena_deaths: 0.
num_vsnodes_births: 7.
num_vsnodes_deaths: 0.
num_space_committed: 834.
num_space_uncommitted: 0.
num_chunks_returned_to_freelist: 6.
num_chunks_taken_from_freelist: 2282.
num_chunk_merges: 6.
num_chunk_splits: 1671.
num_chunks_enlarged: 1356.
num_purges: 0.
num_inconsistent_stats: 0.

CodeHeap 'non-profiled nmethods': size=120000Kb used=2270Kb max_used=2767Kb free=117729Kb
 bounds [0x0000022111b30000, 0x0000022111df0000, 0x0000022119060000]
CodeHeap 'profiled nmethods': size=120000Kb used=7732Kb max_used=9425Kb free=112267Kb
 bounds [0x000002210a600000, 0x000002210af40000, 0x0000022111b30000]
CodeHeap 'non-nmethods': size=5760Kb used=1278Kb max_used=1321Kb free=4481Kb
 bounds [0x000002210a060000, 0x000002210a2d0000, 0x000002210a600000]
 total_blobs=4405 nmethods=3806 adapters=511
 compilation: enabled
              stopped_count=0, restarted_count=0
 full_count=0

Compilation events (20 events):
Event: 15.251 Thread 0x000002212110bae0 4498       3       java.lang.invoke.SimpleMethodHandle::copyWithExtendL (7 bytes)
Event: 15.252 Thread 0x000002212110bae0 nmethod 4498 0x000002210aa5cd10 code [0x000002210aa5cec0, 0x000002210aa5d068]
Event: 15.252 Thread 0x000002212110bae0 4499       3       java.lang.invoke.BoundMethodHandle::bindSingle (7 bytes)
Event: 15.252 Thread 0x000002212110bae0 nmethod 4499 0x000002210a844810 code [0x000002210a8449a0, 0x000002210a844aa8]
Event: 15.255 Thread 0x000002212110bae0 4500       3       java.lang.String::hashCode (60 bytes)
Event: 15.256 Thread 0x000002212110bae0 nmethod 4500 0x000002210a79d590 code [0x000002210a79d760, 0x000002210a79dad8]
Event: 15.257 Thread 0x000002212110bae0 4501       3       org.springframework.context.annotation.ConfigurationClassBeanDefinitionReader$ConfigurationClassBeanDefinition::cloneBeanDefinition (5 bytes)
Event: 15.258 Thread 0x000002212110bae0 nmethod 4501 0x000002210a7c4010 code [0x000002210a7c41e0, 0x000002210a7c45a8]
Event: 15.258 Thread 0x000002212110bae0 4502       3       org.springframework.context.annotation.ConfigurationClassBeanDefinitionReader$ConfigurationClassBeanDefinition::cloneBeanDefinition (9 bytes)
Event: 15.259 Thread 0x000002212110bae0 nmethod 4502 0x000002210a80ca90 code [0x000002210a80cc40, 0x000002210a80cfa8]
Event: 15.268 Thread 0x000002212110bae0 4503       1       org.springframework.core.MethodParameter::getAnnotatedElement (5 bytes)
Event: 15.268 Thread 0x000002212110bae0 nmethod 4503 0x0000022111b79f90 code [0x0000022111b7a120, 0x0000022111b7a1f8]
Event: 15.269 Thread 0x000002212110bae0 4504       3       org.springframework.util.ObjectUtils::nullSafeEquals (55 bytes)
Event: 15.270 Thread 0x000002212110bae0 nmethod 4504 0x000002210a640590 code [0x000002210a6407a0, 0x000002210a640c98]
Event: 15.273 Thread 0x000002212110bae0 4505       3       java.lang.invoke.LambdaForm$DMH/0x0000000800c30400::newInvokeSpecial (30 bytes)
Event: 15.274 Thread 0x000002212110bae0 nmethod 4505 0x000002210a777790 code [0x000002210a777980, 0x000002210a777f48]
Event: 15.288 Thread 0x000002212110bae0 4507       1       java.lang.ThreadLocal::initialValue (2 bytes)
Event: 15.288 Thread 0x000002212110bae0 nmethod 4507 0x0000022111c2b290 code [0x0000022111c2b420, 0x0000022111c2b4f8]
Event: 15.299 Thread 0x000002212110bae0 4508       3       java.util.Collections$SetFromMap::add (22 bytes)
Event: 15.300 Thread 0x000002212110bae0 nmethod 4508 0x000002210a7af690 code [0x000002210a7af840, 0x000002210a7afa88]

GC Heap History (20 events):
Event: 4.117 GC heap before
{Heap before GC invocations=2 (full 0):
 garbage-first heap   total 131072K, used 54197K [0x0000000080c00000, 0x0000000100000000)
  region size 1024K, 47 young (48128K), 2 survivors (2048K)
 Metaspace       used 19916K, committed 20160K, reserved 1073152K
  class space    used 2571K, committed 2688K, reserved 1048576K
}
Event: 4.132 GC heap after
{Heap after GC invocations=3 (full 0):
 garbage-first heap   total 131072K, used 11421K [0x0000000080c00000, 0x0000000100000000)
  region size 1024K, 4 young (4096K), 4 survivors (4096K)
 Metaspace       used 19916K, committed 20160K, reserved 1073152K
  class space    used 2571K, committed 2688K, reserved 1048576K
}
Event: 4.697 GC heap before
{Heap before GC invocations=3 (full 0):
 garbage-first heap   total 131072K, used 18589K [0x0000000080c00000, 0x0000000100000000)
  region size 1024K, 12 young (12288K), 4 survivors (4096K)
 Metaspace       used 21284K, committed 21504K, reserved 1073152K
  class space    used 2746K, committed 2816K, reserved 1048576K
}
Event: 4.706 GC heap after
{Heap after GC invocations=4 (full 0):
 garbage-first heap   total 131072K, used 12113K [0x0000000080c00000, 0x0000000100000000)
  region size 1024K, 5 young (5120K), 5 survivors (5120K)
 Metaspace       used 21284K, committed 21504K, reserved 1073152K
  class space    used 2746K, committed 2816K, reserved 1048576K
}
Event: 6.856 GC heap before
{Heap before GC invocations=5 (full 0):
 garbage-first heap   total 48128K, used 35665K [0x0000000080c00000, 0x0000000100000000)
  region size 1024K, 28 young (28672K), 5 survivors (5120K)
 Metaspace       used 25695K, committed 26048K, reserved 1073152K
  class space    used 3407K, committed 3584K, reserved 1048576K
}
Event: 6.885 GC heap after
{Heap after GC invocations=6 (full 0):
 garbage-first heap   total 48128K, used 14621K [0x0000000080c00000, 0x0000000100000000)
  region size 1024K, 4 young (4096K), 4 survivors (4096K)
 Metaspace       used 25695K, committed 26048K, reserved 1073152K
  class space    used 3407K, committed 3584K, reserved 1048576K
}
Event: 6.947 GC heap before
{Heap before GC invocations=6 (full 0):
 garbage-first heap   total 48128K, used 15645K [0x0000000080c00000, 0x0000000100000000)
  region size 1024K, 5 young (5120K), 4 survivors (4096K)
 Metaspace       used 25818K, committed 26176K, reserved 1073152K
  class space    used 3430K, committed 3584K, reserved 1048576K
}
Event: 6.966 GC heap after
{Heap after GC invocations=7 (full 0):
 garbage-first heap   total 48128K, used 14782K [0x0000000080c00000, 0x0000000100000000)
  region size 1024K, 1 young (1024K), 1 survivors (1024K)
 Metaspace       used 25818K, committed 26176K, reserved 1073152K
  class space    used 3430K, committed 3584K, reserved 1048576K
}
Event: 8.620 GC heap before
{Heap before GC invocations=7 (full 0):
 garbage-first heap   total 48128K, used 34238K [0x0000000080c00000, 0x0000000100000000)
  region size 1024K, 20 young (20480K), 1 survivors (1024K)
 Metaspace       used 29950K, committed 30272K, reserved 1081344K
  class space    used 3870K, committed 4032K, reserved 1048576K
}
Event: 8.636 GC heap after
{Heap after GC invocations=8 (full 0):
 garbage-first heap   total 48128K, used 16153K [0x0000000080c00000, 0x0000000100000000)
  region size 1024K, 2 young (2048K), 2 survivors (2048K)
 Metaspace       used 29950K, committed 30272K, reserved 1081344K
  class space    used 3870K, committed 4032K, reserved 1048576K
}
Event: 9.811 GC heap before
{Heap before GC invocations=8 (full 0):
 garbage-first heap   total 48128K, used 35609K [0x0000000080c00000, 0x0000000100000000)
  region size 1024K, 21 young (21504K), 2 survivors (2048K)
 Metaspace       used 35237K, committed 35520K, reserved 1081344K
  class space    used 4488K, committed 4608K, reserved 1048576K
}
Event: 9.818 GC heap after
{Heap after GC invocations=9 (full 0):
 garbage-first heap   total 48128K, used 18009K [0x0000000080c00000, 0x0000000100000000)
  region size 1024K, 2 young (2048K), 2 survivors (2048K)
 Metaspace       used 35237K, committed 35520K, reserved 1081344K
  class space    used 4488K, committed 4608K, reserved 1048576K
}
Event: 10.016 GC heap before
{Heap before GC invocations=9 (full 0):
 garbage-first heap   total 48128K, used 20057K [0x0000000080c00000, 0x0000000100000000)
  region size 1024K, 5 young (5120K), 2 survivors (2048K)
 Metaspace       used 35720K, committed 35968K, reserved 1081344K
  class space    used 4560K, committed 4672K, reserved 1048576K
}
Event: 10.020 GC heap after
{Heap after GC invocations=10 (full 0):
 garbage-first heap   total 48128K, used 18270K [0x0000000080c00000, 0x0000000100000000)
  region size 1024K, 1 young (1024K), 1 survivors (1024K)
 Metaspace       used 35720K, committed 35968K, reserved 1081344K
  class space    used 4560K, committed 4672K, reserved 1048576K
}
Event: 11.394 GC heap before
{Heap before GC invocations=11 (full 0):
 garbage-first heap   total 48128K, used 34654K [0x0000000080c00000, 0x0000000100000000)
  region size 1024K, 18 young (18432K), 1 survivors (1024K)
 Metaspace       used 40214K, committed 40640K, reserved 1089536K
  class space    used 5424K, committed 5632K, reserved 1048576K
}
Event: 11.400 GC heap after
{Heap after GC invocations=12 (full 0):
 garbage-first heap   total 48128K, used 19133K [0x0000000080c00000, 0x0000000100000000)
  region size 1024K, 2 young (2048K), 2 survivors (2048K)
 Metaspace       used 40214K, committed 40640K, reserved 1089536K
  class space    used 5424K, committed 5632K, reserved 1048576K
}
Event: 11.461 GC heap before
{Heap before GC invocations=12 (full 0):
 garbage-first heap   total 48128K, used 19133K [0x0000000080c00000, 0x0000000100000000)
  region size 1024K, 3 young (3072K), 2 survivors (2048K)
 Metaspace       used 40448K, committed 40832K, reserved 1089536K
  class space    used 5455K, committed 5632K, reserved 1048576K
}
Event: 11.468 GC heap after
{Heap after GC invocations=13 (full 0):
 garbage-first heap   total 48128K, used 19088K [0x0000000080c00000, 0x0000000100000000)
  region size 1024K, 1 young (1024K), 1 survivors (1024K)
 Metaspace       used 40448K, committed 40832K, reserved 1089536K
  class space    used 5455K, committed 5632K, reserved 1048576K
}
Event: 12.468 GC heap before
{Heap before GC invocations=13 (full 0):
 garbage-first heap   total 48128K, used 36496K [0x0000000080c00000, 0x0000000100000000)
  region size 1024K, 18 young (18432K), 1 survivors (1024K)
 Metaspace       used 45348K, committed 45632K, reserved 1089536K
  class space    used 6188K, committed 6336K, reserved 1048576K
}
Event: 12.473 GC heap after
{Heap after GC invocations=14 (full 0):
 garbage-first heap   total 96256K, used 19761K [0x0000000080c00000, 0x0000000100000000)
  region size 1024K, 1 young (1024K), 1 survivors (1024K)
 Metaspace       used 45348K, committed 45632K, reserved 1089536K
  class space    used 6188K, committed 6336K, reserved 1048576K
}

Deoptimization events (20 events):
Event: 14.266 Thread 0x0000022100fe3cf0 Uncommon trap: trap_request=0xffffff45 fr.pc=0x0000022111ca2d7c relative=0x00000000000001fc
Event: 14.266 Thread 0x0000022100fe3cf0 Uncommon trap: reason=unstable_if action=reinterpret pc=0x0000022111ca2d7c method=org.springframework.aop.framework.autoproxy.AbstractAutoProxyCreator.predictBeanType(Ljava/lang/Class;Ljava/lang/String;)Ljava/lang/Class; @ 9 c2
Event: 14.266 Thread 0x0000022100fe3cf0 DEOPT PACKING pc=0x0000022111ca2d7c sp=0x0000007b056fdaf0
Event: 14.266 Thread 0x0000022100fe3cf0 DEOPT UNPACKING pc=0x000002210a0b23a3 sp=0x0000007b056fda40 mode 2
Event: 14.352 Thread 0x0000022100fe3cf0 Uncommon trap: trap_request=0xffffff45 fr.pc=0x0000022111d2e2cc relative=0x0000000000001eac
Event: 14.352 Thread 0x0000022100fe3cf0 Uncommon trap: reason=unstable_if action=reinterpret pc=0x0000022111d2e2cc method=org.springframework.core.annotation.TypeMappedAnnotations$MergedAnnotationFinder.process(Ljava/lang/Object;ILjava/lang/Object;Ljava/lang/annotation/Annotation;)Lorg/springfr
Event: 14.352 Thread 0x0000022100fe3cf0 DEOPT PACKING pc=0x0000022111d2e2cc sp=0x0000007b056fd0e0
Event: 14.352 Thread 0x0000022100fe3cf0 DEOPT UNPACKING pc=0x000002210a0b23a3 sp=0x0000007b056fd028 mode 2
Event: 14.352 Thread 0x0000022100fe3cf0 Uncommon trap: trap_request=0xffffff45 fr.pc=0x0000022111dcef64 relative=0x0000000000000ae4
Event: 14.352 Thread 0x0000022100fe3cf0 Uncommon trap: reason=unstable_if action=reinterpret pc=0x0000022111dcef64 method=org.springframework.core.annotation.AnnotationsScanner.processClassHierarchy(Ljava/lang/Object;[ILjava/lang/Class;Lorg/springframework/core/annotation/AnnotationsProcessor;Z
Event: 14.352 Thread 0x0000022100fe3cf0 DEOPT PACKING pc=0x0000022111dcef64 sp=0x0000007b056fd150
Event: 14.352 Thread 0x0000022100fe3cf0 DEOPT UNPACKING pc=0x000002210a0b23a3 sp=0x0000007b056fd108 mode 2
Event: 14.447 Thread 0x0000022100fe3cf0 Uncommon trap: trap_request=0xffffff45 fr.pc=0x0000022111c0c08c relative=0x00000000000000ec
Event: 14.447 Thread 0x0000022100fe3cf0 Uncommon trap: reason=unstable_if action=reinterpret pc=0x0000022111c0c08c method=org.springframework.util.ObjectUtils.nullSafeEquals(Ljava/lang/Object;Ljava/lang/Object;)Z @ 12 c2
Event: 14.447 Thread 0x0000022100fe3cf0 DEOPT PACKING pc=0x0000022111c0c08c sp=0x0000007b056fd570
Event: 14.447 Thread 0x0000022100fe3cf0 DEOPT UNPACKING pc=0x000002210a0b23a3 sp=0x0000007b056fd510 mode 2
Event: 15.253 Thread 0x0000022100fe3cf0 Uncommon trap: trap_request=0xffffff45 fr.pc=0x0000022111b3e134 relative=0x00000000000001b4
Event: 15.253 Thread 0x0000022100fe3cf0 Uncommon trap: reason=unstable_if action=reinterpret pc=0x0000022111b3e134 method=java.lang.String.hashCode()I @ 20 c2
Event: 15.253 Thread 0x0000022100fe3cf0 DEOPT PACKING pc=0x0000022111b3e134 sp=0x0000007b056fd910
Event: 15.253 Thread 0x0000022100fe3cf0 DEOPT UNPACKING pc=0x000002210a0b23a3 sp=0x0000007b056fd8a0 mode 2

Classes unloaded (0 events):
No events

Classes redefined (0 events):
No events

Internal exceptions (20 events):
Event: 13.339 Thread 0x0000022100fe3cf0 Exception <a 'java/lang/ClassNotFoundException'{0x0000000085b4ea98}: org/springframework/beans/factory/AwareCustomizer> (0x0000000085b4ea98) 
thrown [s\open\src\hotspot\share\classfile\systemDictionary.cpp, line 256]
Event: 13.357 Thread 0x0000022100fe3cf0 Exception <a 'java/lang/ClassNotFoundException'{0x0000000085b77e48}: java/lang/ObjectCustomizer> (0x0000000085b77e48) 
thrown [s\open\src\hotspot\share\classfile\systemDictionary.cpp, line 256]
Event: 13.359 Thread 0x0000022100fe3cf0 Exception <a 'java/lang/ClassNotFoundException'{0x0000000085b7f220}: org/springframework/core/io/support/PropertiesLoaderSupportCustomizer> (0x0000000085b7f220) 
thrown [s\open\src\hotspot\share\classfile\systemDictionary.cpp, line 256]
Event: 13.362 Thread 0x0000022100fe3cf0 Exception <a 'java/lang/ClassNotFoundException'{0x0000000085b8c308}: org/springframework/beans/factory/config/PropertiesFactoryBeanCustomizer> (0x0000000085b8c308) 
thrown [s\open\src\hotspot\share\classfile\systemDictionary.cpp, line 256]
Event: 13.365 Thread 0x0000022100fe3cf0 Exception <a 'java/lang/ClassNotFoundException'{0x0000000085ba08f8}: org/springframework/beans/factory/FactoryBeanCustomizer> (0x0000000085ba08f8) 
thrown [s\open\src\hotspot\share\classfile\systemDictionary.cpp, line 256]
Event: 13.368 Thread 0x0000022100fe3cf0 Exception <a 'java/lang/ClassNotFoundException'{0x0000000085ba70e0}: org/springframework/beans/factory/InitializingBeanCustomizer> (0x0000000085ba70e0) 
thrown [s\open\src\hotspot\share\classfile\systemDictionary.cpp, line 256]
Event: 13.598 Thread 0x0000022100fe3cf0 Exception <a 'java/lang/IncompatibleClassChangeError'{0x00000000857f4fd8}: Found class java.lang.Object, but interface was expected> (0x00000000857f4fd8) 
thrown [s\open\src\hotspot\share\interpreter\linkResolver.cpp, line 826]
Event: 13.831 Thread 0x0000022100fe3cf0 Exception <a 'java/lang/ClassNotFoundException'{0x0000000085387df8}: java/lang/ObjectCustomizer> (0x0000000085387df8) 
thrown [s\open\src\hotspot\share\classfile\systemDictionary.cpp, line 256]
Event: 13.833 Thread 0x0000022100fe3cf0 Exception <a 'java/lang/ClassNotFoundException'{0x000000008538ee20}: com/pw12022/fourinfo/entities/ProductCustomizer> (0x000000008538ee20) 
thrown [s\open\src\hotspot\share\classfile\systemDictionary.cpp, line 256]
Event: 13.905 Thread 0x0000022100fe3cf0 Exception <a 'java/lang/NoSuchMethodError'{0x000000008528f960}: 'int java.lang.invoke.DirectMethodHandle$Holder.invokeVirtual(java.lang.Object, java.lang.Object, java.lang.Object)'> (0x000000008528f960) 
thrown [s\open\src\hotspot\share\interpreter\linkResolver.cpp, line 759]
Event: 13.997 Thread 0x0000022100fe3cf0 Exception <a 'java/lang/IncompatibleClassChangeError'{0x00000000850310f0}: Found class java.lang.Object, but interface was expected> (0x00000000850310f0) 
thrown [s\open\src\hotspot\share\interpreter\linkResolver.cpp, line 826]
Event: 14.300 Thread 0x0000022100fe3cf0 Exception <a 'java/lang/ClassNotFoundException'{0x0000000084a568c8}: java/lang/ObjectCustomizer> (0x0000000084a568c8) 
thrown [s\open\src\hotspot\share\classfile\systemDictionary.cpp, line 256]
Event: 14.302 Thread 0x0000022100fe3cf0 Exception <a 'java/lang/ClassNotFoundException'{0x0000000084a5db28}: org/springframework/security/config/annotation/web/configuration/WebSecurityConfigurationCustomizer> (0x0000000084a5db28) 
thrown [s\open\src\hotspot\share\classfile\systemDictionary.cpp, line 256]
Event: 14.305 Thread 0x0000022100fe3cf0 Exception <a 'java/lang/ClassNotFoundException'{0x0000000084a6a0b8}: org/springframework/context/annotation/ImportAwareCustomizer> (0x0000000084a6a0b8) 
thrown [s\open\src\hotspot\share\classfile\systemDictionary.cpp, line 256]
Event: 14.305 Thread 0x0000022100fe3cf0 Exception <a 'java/lang/ClassNotFoundException'{0x0000000084a6e3e8}: org/springframework/beans/factory/AwareCustomizer> (0x0000000084a6e3e8) 
thrown [s\open\src\hotspot\share\classfile\systemDictionary.cpp, line 256]
Event: 14.306 Thread 0x0000022100fe3cf0 Exception <a 'java/lang/ClassNotFoundException'{0x0000000084a71ae8}: org/springframework/beans/factory/BeanClassLoaderAwareCustomizer> (0x0000000084a71ae8) 
thrown [s\open\src\hotspot\share\classfile\systemDictionary.cpp, line 256]
Event: 14.306 Thread 0x0000022100fe3cf0 Exception <a 'java/lang/ClassNotFoundException'{0x0000000084a75df8}: org/springframework/beans/factory/AwareCustomizer> (0x0000000084a75df8) 
thrown [s\open\src\hotspot\share\classfile\systemDictionary.cpp, line 256]
Event: 14.447 Thread 0x0000022100fe3cf0 Implicit null exception at 0x0000022111c0bfbd to 0x0000022111c0c07a
Event: 15.264 Thread 0x0000022100fe3cf0 Exception <a 'java/lang/ClassNotFoundException'{0x000000008414b5a0}: java/lang/ObjectCustomizer> (0x000000008414b5a0) 
thrown [s\open\src\hotspot\share\classfile\systemDictionary.cpp, line 256]
Event: 15.266 Thread 0x0000022100fe3cf0 Exception <a 'java/lang/ClassNotFoundException'{0x0000000084152800}: org/springframework/security/config/annotation/web/configuration/HttpSecurityConfigurationCustomizer> (0x0000000084152800) 
thrown [s\open\src\hotspot\share\classfile\systemDictionary.cpp, line 256]

VM Operations (20 events):
Event: 12.467 Executing VM operation: G1CollectForAllocation
Event: 12.473 Executing VM operation: G1CollectForAllocation done
Event: 13.263 Executing VM operation: HandshakeAllThreads
Event: 13.263 Executing VM operation: HandshakeAllThreads done
Event: 13.793 Executing VM operation: ICBufferFull
Event: 13.794 Executing VM operation: ICBufferFull done
Event: 14.007 Executing VM operation: HandshakeAllThreads
Event: 14.007 Executing VM operation: HandshakeAllThreads done
Event: 14.031 Executing VM operation: HandshakeAllThreads
Event: 14.031 Executing VM operation: HandshakeAllThreads done
Event: 14.124 Executing VM operation: HandshakeAllThreads
Event: 14.124 Executing VM operation: HandshakeAllThreads done
Event: 14.124 Executing VM operation: HandshakeAllThreads
Event: 14.125 Executing VM operation: HandshakeAllThreads done
Event: 14.126 Executing VM operation: HandshakeAllThreads
Event: 14.126 Executing VM operation: HandshakeAllThreads done
Event: 14.434 Executing VM operation: HandshakeAllThreads
Event: 14.434 Executing VM operation: HandshakeAllThreads done
Event: 15.255 Executing VM operation: ICBufferFull
Event: 15.255 Executing VM operation: ICBufferFull done

Events (20 events):
Event: 14.300 loading class java/lang/ObjectCustomizer
Event: 14.300 loading class java/lang/ObjectCustomizer done
Event: 14.300 loading class java/lang/ObjectCustomizer
Event: 14.300 loading class java/lang/ObjectCustomizer done
Event: 14.307 loading class sun/reflect/generics/repository/FieldRepository
Event: 14.307 loading class sun/reflect/generics/repository/FieldRepository done
Event: 14.423 loading class java/util/Base64
Event: 14.423 loading class java/util/Base64 done
Event: 14.423 loading class java/util/Base64$Encoder
Event: 14.423 loading class java/util/Base64$Encoder done
Event: 14.426 loading class sun/security/provider/MD5
Event: 14.426 loading class sun/security/provider/MD5 done
Event: 14.432 loading class java/nio/StringCharBuffer
Event: 14.433 loading class java/nio/StringCharBuffer done
Event: 15.065 loading class java/util/Comparators$NullComparator
Event: 15.066 loading class java/util/Comparators$NullComparator done
Event: 15.264 loading class java/lang/ObjectCustomizer
Event: 15.264 loading class java/lang/ObjectCustomizer done
Event: 15.264 loading class java/lang/ObjectCustomizer
Event: 15.264 loading class java/lang/ObjectCustomizer done


Dynamic libraries:
0x00007ff70ecf0000 - 0x00007ff70ed00000 	C:\Program Files\Java\jdk-17.0.4.1\bin\java.exe
0x00007ff8c3b10000 - 0x00007ff8c3d08000 	C:\Windows\SYSTEM32\ntdll.dll
0x00007ff8c2af0000 - 0x00007ff8c2baf000 	C:\Windows\System32\KERNEL32.DLL
0x00007ff8c14a0000 - 0x00007ff8c1772000 	C:\Windows\System32\KERNELBASE.dll
0x00007ff8c1940000 - 0x00007ff8c1a40000 	C:\Windows\System32\ucrtbase.dll
0x00007ff8bb040000 - 0x00007ff8bb058000 	C:\Program Files\Java\jdk-17.0.4.1\bin\jli.dll
0x00007ff8baf60000 - 0x00007ff8baf7a000 	C:\Program Files\Java\jdk-17.0.4.1\bin\VCRUNTIME140.dll
0x00007ff8c39c0000 - 0x00007ff8c3a6e000 	C:\Windows\System32\ADVAPI32.dll
0x00007ff8c38c0000 - 0x00007ff8c395e000 	C:\Windows\System32\msvcrt.dll
0x00007ff8c34d0000 - 0x00007ff8c356c000 	C:\Windows\System32\sechost.dll
0x00007ff8c3790000 - 0x00007ff8c38b5000 	C:\Windows\System32\RPCRT4.dll
0x00007ff8c1b50000 - 0x00007ff8c1cf1000 	C:\Windows\System32\USER32.dll
0x00007ff8c1470000 - 0x00007ff8c1492000 	C:\Windows\System32\win32u.dll
0x00007ff8b3640000 - 0x00007ff8b38da000 	C:\Windows\WinSxS\amd64_microsoft.windows.common-controls_6595b64144ccf1df_6.0.19041.1110_none_60b5254171f9507e\COMCTL32.dll
0x00007ff8c2bb0000 - 0x00007ff8c2bdb000 	C:\Windows\System32\GDI32.dll
0x00007ff8c1360000 - 0x00007ff8c146f000 	C:\Windows\System32\gdi32full.dll
0x00007ff8c1a40000 - 0x00007ff8c1add000 	C:\Windows\System32\msvcp_win.dll
0x00007ff8b7370000 - 0x00007ff8b737a000 	C:\Windows\SYSTEM32\VERSION.dll
0x00007ff8c2ab0000 - 0x00007ff8c2ae2000 	C:\Windows\System32\IMM32.DLL
0x00007ff8baf50000 - 0x00007ff8baf5c000 	C:\Program Files\Java\jdk-17.0.4.1\bin\vcruntime140_1.dll
0x00007ff8a8130000 - 0x00007ff8a81bd000 	C:\Program Files\Java\jdk-17.0.4.1\bin\msvcp140.dll
0x00007ff879c20000 - 0x00007ff87a7e2000 	C:\Program Files\Java\jdk-17.0.4.1\bin\server\jvm.dll
0x00007ff8c2db0000 - 0x00007ff8c2db8000 	C:\Windows\System32\PSAPI.DLL
0x00007ff8b4960000 - 0x00007ff8b4987000 	C:\Windows\SYSTEM32\WINMM.dll
0x00007ff8957f0000 - 0x00007ff8957f9000 	C:\Windows\SYSTEM32\WSOCK32.dll
0x00007ff8c3720000 - 0x00007ff8c378b000 	C:\Windows\System32\WS2_32.dll
0x00007ff8bfa50000 - 0x00007ff8bfa62000 	C:\Windows\SYSTEM32\kernel.appcore.dll
0x00007ff8baf40000 - 0x00007ff8baf4a000 	C:\Program Files\Java\jdk-17.0.4.1\bin\jimage.dll
0x00007ff8ba780000 - 0x00007ff8ba964000 	C:\Windows\SYSTEM32\DBGHELP.DLL
0x00007ff8ba630000 - 0x00007ff8ba665000 	C:\Windows\SYSTEM32\dbgcore.DLL
0x00007ff8c18b0000 - 0x00007ff8c1932000 	C:\Windows\System32\bcryptPrimitives.dll
0x00007ff8b4b30000 - 0x00007ff8b4b55000 	C:\Program Files\Java\jdk-17.0.4.1\bin\java.dll
0x00007ff88cc70000 - 0x00007ff88cd46000 	C:\Program Files\Java\jdk-17.0.4.1\bin\jsvml.dll
0x00007ff8c1d00000 - 0x00007ff8c2444000 	C:\Windows\System32\SHELL32.dll
0x00007ff8bf1f0000 - 0x00007ff8bf982000 	C:\Windows\SYSTEM32\windows.storage.dll
0x00007ff8c2ef0000 - 0x00007ff8c3245000 	C:\Windows\System32\combase.dll
0x00007ff8c0b80000 - 0x00007ff8c0bb0000 	C:\Windows\SYSTEM32\Wldp.dll
0x00007ff8c3250000 - 0x00007ff8c32fd000 	C:\Windows\System32\SHCORE.dll
0x00007ff8c3a70000 - 0x00007ff8c3ac5000 	C:\Windows\System32\shlwapi.dll
0x00007ff8c1140000 - 0x00007ff8c115f000 	C:\Windows\SYSTEM32\profapi.dll
0x00007ff8baf20000 - 0x00007ff8baf39000 	C:\Program Files\Java\jdk-17.0.4.1\bin\net.dll
0x00007ff8b9fc0000 - 0x00007ff8ba0cc000 	C:\Windows\SYSTEM32\WINHTTP.dll
0x00007ff8c08e0000 - 0x00007ff8c094a000 	C:\Windows\system32\mswsock.dll
0x00007ff8b0d80000 - 0x00007ff8b0d96000 	C:\Program Files\Java\jdk-17.0.4.1\bin\nio.dll
0x00007ff8ab000000 - 0x00007ff8ab018000 	C:\Program Files\Java\jdk-17.0.4.1\bin\zip.dll
0x00007ff8b9370000 - 0x00007ff8b9380000 	C:\Program Files\Java\jdk-17.0.4.1\bin\verify.dll
0x00007ff8b9290000 - 0x00007ff8b9299000 	C:\Program Files\Java\jdk-17.0.4.1\bin\management.dll
0x00007ff8b6c80000 - 0x00007ff8b6c8b000 	C:\Program Files\Java\jdk-17.0.4.1\bin\management_ext.dll
0x00007ff8bc550000 - 0x00007ff8bc567000 	C:\Windows\system32\napinsp.dll
0x00007ff8bbb00000 - 0x00007ff8bbb1b000 	C:\Windows\system32\pnrpnsp.dll
0x00007ff8a2990000 - 0x00007ff8a29a5000 	C:\Windows\system32\wshbth.dll
0x00007ff8bba70000 - 0x00007ff8bba8d000 	C:\Windows\system32\NLAapi.dll
0x00007ff8c05d0000 - 0x00007ff8c060b000 	C:\Windows\SYSTEM32\IPHLPAPI.DLL
0x00007ff8c0610000 - 0x00007ff8c06da000 	C:\Windows\SYSTEM32\DNSAPI.dll
0x00007ff8c2aa0000 - 0x00007ff8c2aa8000 	C:\Windows\System32\NSI.dll
0x00007ff8bbae0000 - 0x00007ff8bbaf2000 	C:\Windows\System32\winrnr.dll
0x00007ff8b8880000 - 0x00007ff8b888a000 	C:\Windows\System32\rasadhlp.dll
0x00007ff8b88a0000 - 0x00007ff8b8920000 	C:\Windows\System32\fwpuclnt.dll
0x00007ff8c1880000 - 0x00007ff8c18a7000 	C:\Windows\System32\bcrypt.dll
0x00007ff8c0ad0000 - 0x00007ff8c0ae8000 	C:\Windows\SYSTEM32\CRYPTSP.dll
0x00007ff8c0200000 - 0x00007ff8c0234000 	C:\Windows\system32\rsaenh.dll
0x00007ff8c10c0000 - 0x00007ff8c10ee000 	C:\Windows\SYSTEM32\USERENV.dll
0x00007ff8c0af0000 - 0x00007ff8c0afc000 	C:\Windows\SYSTEM32\CRYPTBASE.dll
0x00007ff8bb7e0000 - 0x00007ff8bb7f7000 	C:\Windows\SYSTEM32\dhcpcsvc6.DLL
0x00007ff8bb780000 - 0x00007ff8bb79d000 	C:\Windows\SYSTEM32\dhcpcsvc.DLL
0x00007ff8b4b20000 - 0x00007ff8b4b2e000 	C:\Program Files\Java\jdk-17.0.4.1\bin\sunmscapi.dll
0x00007ff8c1200000 - 0x00007ff8c1356000 	C:\Windows\System32\CRYPT32.dll
0x00007ff8c0bf0000 - 0x00007ff8c0c17000 	C:\Windows\SYSTEM32\ncrypt.dll
0x00007ff8c0bb0000 - 0x00007ff8c0beb000 	C:\Windows\SYSTEM32\NTASN1.dll

dbghelp: loaded successfully - version: 4.0.5 - missing functions: none
symbol engine: initialized successfully - sym options: 0x614 - pdb path: .;C:\Program Files\Java\jdk-17.0.4.1\bin;C:\Windows\SYSTEM32;C:\Windows\WinSxS\amd64_microsoft.windows.common-controls_6595b64144ccf1df_6.0.19041.1110_none_60b5254171f9507e;C:\Program Files\Java\jdk-17.0.4.1\bin\server

VM Arguments:
jvm_args: -XX:+ShowCodeDetailsInExceptionMessages 
java_command: com.pw12022.fourinfo.FourinfoApplication
java_class_path (initial): D:\Pb\MB\Educacao\IFG\202202_PW1\20221111\fourinfo\backend\target\classes;C:\Users\PauloPacheco\.m2\repository\org\springframework\boot\spring-boot-starter-web\2.7.5\spring-boot-starter-web-2.7.5.jar;C:\Users\PauloPacheco\.m2\repository\org\springframework\boot\spring-boot-starter\2.7.5\spring-boot-starter-2.7.5.jar;C:\Users\PauloPacheco\.m2\repository\org\springframework\boot\spring-boot\2.7.5\spring-boot-2.7.5.jar;C:\Users\PauloPacheco\.m2\repository\org\springframework\boot\spring-boot-autoconfigure\2.7.5\spring-boot-autoconfigure-2.7.5.jar;C:\Users\PauloPacheco\.m2\repository\org\springframework\boot\spring-boot-starter-logging\2.7.5\spring-boot-starter-logging-2.7.5.jar;C:\Users\PauloPacheco\.m2\repository\ch\qos\logback\logback-classic\1.2.11\logback-classic-1.2.11.jar;C:\Users\PauloPacheco\.m2\repository\ch\qos\logback\logback-core\1.2.11\logback-core-1.2.11.jar;C:\Users\PauloPacheco\.m2\repository\org\apache\logging\log4j\log4j-to-slf4j\2.17.2\log4j-to-slf4j-2.17.2.jar;C:\Users\PauloPacheco\.m2\repository\org\apache\logging\log4j\log4j-api\2.17.2\log4j-api-2.17.2.jar;C:\Users\PauloPacheco\.m2\repository\org\slf4j\jul-to-slf4j\1.7.36\jul-to-slf4j-1.7.36.jar;C:\Users\PauloPacheco\.m2\repository\jakarta\annotation\jakarta.annotation-api\1.3.5\jakarta.annotation-api-1.3.5.jar;C:\Users\PauloPacheco\.m2\repository\org\yaml\snakeyaml\1.30\snakeyaml-1.30.jar;C:\Users\PauloPacheco\.m2\repository\org\springframework\boot\spring-boot-starter-json\2.7.5\spring-boot-starter-json-2.7.5.jar;C:\Users\PauloPacheco\.m2\repository\com\fasterxml\jackson\core\jackson-databind\2.13.4.2\jackson-databind-2.13.4.2.jar;C:\Users\PauloPacheco\.m2\repository\com\fasterxml\jackson\core\jackson-annotations\2.13.4\jackson-annotations-2.13.4.jar;C:\Users\PauloPacheco\.m2\repository\com\fasterxml\jackson\core\jackson-core\2.13.4\jackson-core-2.13.4.jar;C:\Users\PauloPacheco\.m2\repository\com\fasterxml\jackson\datatype\jackson-datatype-jdk8\2.13.4\jackson-datatyp
Launcher Type: SUN_STANDARD

[Global flags]
     intx CICompilerCount                          = 4                                         {product} {ergonomic}
     uint ConcGCThreads                            = 2                                         {product} {ergonomic}
     uint G1ConcRefinementThreads                  = 8                                         {product} {ergonomic}
   size_t G1HeapRegionSize                         = 1048576                                   {product} {ergonomic}
    uintx GCDrainStackTargetSize                   = 64                                        {product} {ergonomic}
   size_t InitialHeapSize                          = 134217728                                 {product} {ergonomic}
   size_t MarkStackSize                            = 4194304                                   {product} {ergonomic}
   size_t MaxHeapSize                              = 2134900736                                {product} {ergonomic}
   size_t MaxNewSize                               = 1280311296                                {product} {ergonomic}
   size_t MinHeapDeltaBytes                        = 1048576                                   {product} {ergonomic}
   size_t MinHeapSize                              = 8388608                                   {product} {ergonomic}
    uintx NonNMethodCodeHeapSize                   = 5839372                                {pd product} {ergonomic}
    uintx NonProfiledCodeHeapSize                  = 122909434                              {pd product} {ergonomic}
    uintx ProfiledCodeHeapSize                     = 122909434                              {pd product} {ergonomic}
    uintx ReservedCodeCacheSize                    = 251658240                              {pd product} {ergonomic}
     bool SegmentedCodeCache                       = true                                      {product} {ergonomic}
     bool ShowCodeDetailsInExceptionMessages       = true                                   {manageable} {command line}
   size_t SoftMaxHeapSize                          = 2134900736                             {manageable} {ergonomic}
     bool UseCompressedClassPointers               = true                           {product lp64_product} {ergonomic}
     bool UseCompressedOops                        = true                           {product lp64_product} {ergonomic}
     bool UseG1GC                                  = true                                      {product} {ergonomic}
     bool UseLargePagesIndividualAllocation        = false                                  {pd product} {ergonomic}

Logging:
Log output configuration:
 #0: stdout all=warning uptime,level,tags
 #1: stderr all=off uptime,level,tags

Environment Variables:
JAVA_HOME=C:\Program Files\Java\jdk-17.0.4.1
PATH=C:\Program Files\Common Files\Oracle\Java\javapath;C:\Program Files (x86)\Common Files\Oracle\Java\javapath;C:\Windows\system32;C:\Windows;C:\Windows\System32\Wbem;C:\Windows\System32\WindowsPowerShell\v1.0\;C:\Windows\System32\OpenSSH\;C:\Program Files (x86)\ATI Technologies\ATI.ACE\Core-Static;C:\Program Files (x86)\Common Files\Acronis\VirtualFile\;C:\Program Files (x86)\Common Files\Acronis\VirtualFile64\;C:\Program Files (x86)\Common Files\Acronis\FileProtector\;C:\Program Files (x86)\Common Files\Acronis\FileProtector64\;C:\Program Files (x86)\Common Files\Acronis\SnapAPI\;C:\Program Files\dotnet\;C:\Program Files\Java\jdk-17.0.4.1\bin;C:\Program Files\Git\cmd;C:\Program Files\Microsoft VS Code\bin;C:\Users\PauloPacheco\AppData\Local\Microsoft\WindowsApps;C:\Program Files\JetBrains\PhpStorm 2022.2.2\bin;;C:\Users\PauloPacheco\AppData\Local\JetBrains\Toolbox\scripts;C:\Users\PauloPacheco\AppData\Local\GitHubDesktop\bin
USERNAME=PauloPacheco
LANG=pt_BR.UTF-8
OS=Windows_NT
PROCESSOR_IDENTIFIER=Intel64 Family 6 Model 42 Stepping 7, GenuineIntel



---------------  S Y S T E M  ---------------

OS:
 Windows 10 , 64 bit Build 19041 (10.0.19041.2364)
OS uptime: 0 days 16:39 hours

CPU: total 8 (initial active 8) (4 cores per cpu, 2 threads per core) family 6 model 42 stepping 7 microcode 0x2f, cx8, cmov, fxsr, ht, mmx, sse, sse2, sse3, ssse3, sse4.1, sse4.2, popcnt, tsc, tscinvbit, avx, aes, clmul, vzeroupper, clflush

Memory: 4k page, system-wide physical 8139M (3189M free)
TotalPageFile size 9419M (AvailPageFile size 2930M)
current process WorkingSet (physical memory assigned to process): 286M, peak: 286M
current process commit charge ("private bytes"): 336M, peak: 337M

vm_info: Java HotSpot(TM) 64-Bit Server VM (17.0.4.1+1-LTS-2) for windows-amd64 JRE (17.0.4.1+1-LTS-2), built on Aug 16 2022 18:32:06 by "mach5one" with MS VC++ 16.8 / 16.9 (VS2019)

END.
